1501123474 - INFO: Log level set to 6
STORE CALL: glXQueryExtension(0xc9c630, 0xcbff40, 0xcbff44, )
1501123474 - DEBUG: RAISED STOP
1501123476 - INFO: OPERATION: 6
1501123476 - INFO: ORIG_GL: glXQueryExtension (0x7f21987db160)
1501123476 - DEBUG: RAISED STOP
1501123476 - INFO: OPERATION: 22
STORE CALL: glXQueryExtensionsString(0xc9c630, 0, )
1501123476 - DEBUG: RAISED STOP
1501123476 - INFO: OPERATION: 6
1501123476 - INFO: ORIG_GL: glXQueryExtensionsString (0x7f21987dbc90)
1501123476 - DEBUG: RAISED STOP
1501123476 - INFO: OPERATION: 22
STORE CALL: glXChooseVisual(0xc9c630, 0, 0x7ffd7ff451e0, )
1501123476 - DEBUG: RAISED STOP
1501123476 - INFO: OPERATION: 6
1501123476 - INFO: ORIG_GL: glXChooseVisual (0x7f21987db9a0)
1501123476 - DEBUG: RAISED STOP
1501123476 - INFO: OPERATION: 22
STORE CALL: glXCreateContext(0xc9c630, 0xcd12d0, (nil), 1, )
1501123476 - DEBUG: RAISED STOP
1501123476 - INFO: OPERATION: 6
1501123476 - INFO: ORIG_GL: glXCreateContext (0x7f21987db020)
1501123476 - DEBUG: RAISED STOP
1501123476 - INFO: OPERATION: 22
STORE CALL: glXMakeCurrent(0xc9c630, 83886082, 0xcd1560, )
1501123476 - DEBUG: RAISED STOP
1501123476 - INFO: OPERATION: 6
1501123476 - INFO: ORIG_GL: glXMakeCurrent (0x7f21987de2d0)
1501123476 - DEBUG: RAISED STOP
1501123476 - INFO: OPERATION: 22
STORE CALL: glGetString(GL_VENDOR, )
1501123476 - DEBUG: RAISED STOP
1501123476 - INFO: OPERATION: 6
1501123476 - INFO: ORIG_GL: glGetString (0x7f21988147c0)
1501123476 - INFO: ORIG_GL: glGetError (0x7f2198814600)
1501123476 - DEBUG: RAISED STOP
1501123476 - INFO: OPERATION: 22
STORE CALL: glXMakeCurrent(0xc9c630, 0, (nil), )
1501123476 - DEBUG: RAISED STOP
1501123476 - INFO: OPERATION: 6
1501123476 - INFO: ORIG_GL: glXMakeCurrent (0x7f21987de2d0)
1501123476 - DEBUG: RAISED STOP
1501123476 - INFO: OPERATION: 22
STORE CALL: glXDestroyContext(0xc9c630, 0xcd1560, )
1501123476 - DEBUG: RAISED STOP
1501123476 - INFO: OPERATION: 6
1501123476 - INFO: ORIG_GL: glXDestroyContext (0x7f21987dbde0)
1501123476 - DEBUG: RAISED STOP
1501123476 - INFO: OPERATION: 22
STORE CALL: glXQueryExtension(0xc9c630, 0xdf89a0, 0xdf89a4, )
1501123476 - DEBUG: RAISED STOP
1501123476 - INFO: OPERATION: 6
1501123476 - INFO: ORIG_GL: glXQueryExtension (0x7f21987db160)
1501123476 - DEBUG: RAISED STOP
1501123476 - INFO: OPERATION: 22
STORE CALL: glXQueryExtensionsString(0xc9c630, 0, )
1501123476 - DEBUG: RAISED STOP
1501123476 - INFO: OPERATION: 6
1501123476 - INFO: ORIG_GL: glXQueryExtensionsString (0x7f21987dbc90)
1501123476 - DEBUG: RAISED STOP
1501123476 - INFO: OPERATION: 22
STORE CALL: glXChooseVisual(0xc9c630, 0, 0x7ffd7ff45220, )
1501123476 - DEBUG: RAISED STOP
1501123476 - INFO: OPERATION: 6
1501123476 - INFO: ORIG_GL: glXChooseVisual (0x7f21987db9a0)
1501123476 - DEBUG: RAISED STOP
1501123476 - INFO: OPERATION: 22
STORE CALL: glXChooseFBConfig(0xc9c630, 0, 0x7ffd7ff453a0, 0x7ffd7ff4529c, )
1501123476 - DEBUG: RAISED STOP
1501123477 - INFO: OPERATION: 6
1501123477 - INFO: ORIG_GL: glXChooseFBConfig (0x7f21987dc580)
1501123477 - DEBUG: RAISED STOP
1501123477 - INFO: OPERATION: 22
STORE CALL: glXMakeCurrent(0xc9c630, 83886088, 0xcd3340, )
1501123477 - DEBUG: RAISED STOP
1501123477 - INFO: OPERATION: 6
1501123477 - INFO: ORIG_GL: glXMakeCurrent (0x7f21987de2d0)
1501123477 - DEBUG: RAISED STOP
1501123477 - INFO: OPERATION: 22
STORE CALL: glGetString(GL_VERSION, )
1501123477 - DEBUG: RAISED STOP
1501123477 - INFO: OPERATION: 6
1501123477 - INFO: ORIG_GL: glGetString (0x7f21988147c0)
1501123477 - INFO: ORIG_GL: glGetError (0x7f2198814600)
1501123477 - DEBUG: RAISED STOP
1501123477 - INFO: OPERATION: 22
STORE CALL: glGetString(GL_EXTENSIONS, )
1501123477 - DEBUG: RAISED STOP
1501123477 - INFO: OPERATION: 6
1501123477 - INFO: ORIG_GL: glGetString (0x7f21988147c0)
1501123477 - INFO: ORIG_GL: glGetError (0x7f2198814600)
1501123477 - DEBUG: RAISED STOP
1501123477 - INFO: OPERATION: 22
STORE CALL: glXGetProcAddressARB(0x7f21985a93f4, )
1501123477 - DEBUG: RAISED STOP
1501123477 - INFO: OPERATION: 6
1501123477 - DEBUG: RAISED STOP
1501123477 - INFO: OPERATION: 22
STORE CALL: glXGetProcAddressARB(0x7f21985a9408, )
1501123477 - DEBUG: RAISED STOP
1501123477 - INFO: OPERATION: 6
1501123477 - DEBUG: RAISED STOP
1501123477 - INFO: OPERATION: 22
STORE CALL: glXGetProcAddressARB(0x7f21985a941c, )
1501123477 - DEBUG: RAISED STOP
1501123477 - INFO: OPERATION: 6
1501123477 - DEBUG: RAISED STOP
1501123477 - INFO: OPERATION: 22
STORE CALL: glXGetProcAddressARB(0x7f21985a9429, )
1501123477 - DEBUG: RAISED STOP
1501123477 - INFO: OPERATION: 6
1501123477 - DEBUG: RAISED STOP
1501123477 - INFO: OPERATION: 22
STORE CALL: glXGetProcAddressARB(0x7f21985a1be8, )
1501123477 - DEBUG: RAISED STOP
1501123477 - INFO: OPERATION: 6
1501123477 - DEBUG: RAISED STOP
1501123477 - INFO: OPERATION: 22
STORE CALL: glXGetProcAddressARB(0x7f21985a1bf8, )
1501123477 - DEBUG: RAISED STOP
1501123477 - INFO: OPERATION: 6
1501123477 - DEBUG: RAISED STOP
1501123477 - INFO: OPERATION: 22
STORE CALL: glXGetProcAddressARB(0x7f21985a1c0e, )
1501123477 - DEBUG: RAISED STOP
1501123477 - INFO: OPERATION: 6
1501123477 - DEBUG: RAISED STOP
1501123477 - INFO: OPERATION: 22
STORE CALL: glXGetProcAddressARB(0x7f21985a1c25, )
1501123477 - DEBUG: RAISED STOP
1501123477 - INFO: OPERATION: 6
1501123477 - DEBUG: RAISED STOP
1501123477 - INFO: OPERATION: 22
STORE CALL: glXGetProcAddressARB(0x7f21985a1c3c, )
1501123477 - DEBUG: RAISED STOP
1501123477 - INFO: OPERATION: 6
1501123477 - DEBUG: RAISED STOP
1501123477 - INFO: OPERATION: 22
STORE CALL: glXGetProcAddressARB(0x7f21985a1c53, )
1501123477 - DEBUG: RAISED STOP
1501123477 - INFO: OPERATION: 6
1501123477 - DEBUG: RAISED STOP
1501123477 - INFO: OPERATION: 22
STORE CALL: glXGetProcAddressARB(0x7f21985a1c6d, )
1501123477 - DEBUG: RAISED STOP
1501123477 - INFO: OPERATION: 6
1501123477 - DEBUG: RAISED STOP
1501123477 - INFO: OPERATION: 22
STORE CALL: glXGetProcAddressARB(0x7f21985a1c87, )
1501123477 - DEBUG: RAISED STOP
1501123477 - INFO: OPERATION: 6
1501123477 - DEBUG: RAISED STOP
1501123477 - INFO: OPERATION: 22
STORE CALL: glXGetProcAddressARB(0x7f21985a1ca1, )
1501123477 - DEBUG: RAISED STOP
1501123477 - INFO: OPERATION: 6
1501123477 - DEBUG: RAISED STOP
1501123477 - INFO: OPERATION: 22
STORE CALL: glXGetProcAddressARB(0x7f21985a1cb9, )
1501123477 - DEBUG: RAISED STOP
1501123477 - INFO: OPERATION: 6
1501123477 - DEBUG: RAISED STOP
1501123477 - INFO: OPERATION: 22
STORE CALL: glXGetProcAddressARB(0x7f21985a1cd0, )
1501123477 - DEBUG: RAISED STOP
1501123477 - INFO: OPERATION: 6
1501123477 - DEBUG: RAISED STOP
1501123477 - INFO: OPERATION: 22
STORE CALL: glXGetProcAddressARB(0x7f21985a1ce7, )
1501123477 - DEBUG: RAISED STOP
1501123477 - INFO: OPERATION: 6
1501123477 - DEBUG: RAISED STOP
1501123477 - INFO: OPERATION: 22
STORE CALL: glXGetProcAddressARB(0x7f21985a1cfe, )
1501123477 - DEBUG: RAISED STOP
1501123477 - INFO: OPERATION: 6
1501123477 - DEBUG: RAISED STOP
1501123477 - INFO: OPERATION: 22
STORE CALL: glXGetProcAddressARB(0x7f21985a1d15, )
1501123477 - DEBUG: RAISED STOP
1501123477 - INFO: OPERATION: 6
1501123477 - DEBUG: RAISED STOP
1501123477 - INFO: OPERATION: 22
STORE CALL: glXGetProcAddressARB(0x7f21985a1d27, )
1501123477 - DEBUG: RAISED STOP
1501123477 - INFO: OPERATION: 6
1501123477 - DEBUG: RAISED STOP
1501123477 - INFO: OPERATION: 22
STORE CALL: glXGetProcAddressARB(0x7f21985a1d3a, )
1501123477 - DEBUG: RAISED STOP
1501123477 - INFO: OPERATION: 6
1501123477 - DEBUG: RAISED STOP
1501123477 - INFO: OPERATION: 22
STORE CALL: glXGetProcAddressARB(0x7f21985a1d4c, )
1501123477 - DEBUG: RAISED STOP
1501123477 - INFO: OPERATION: 6
1501123477 - DEBUG: RAISED STOP
1501123477 - INFO: OPERATION: 22
STORE CALL: glXGetProcAddressARB(0x7f21985a1d5f, )
1501123477 - DEBUG: RAISED STOP
1501123477 - INFO: OPERATION: 6
1501123477 - DEBUG: RAISED STOP
1501123477 - INFO: OPERATION: 22
STORE CALL: glXGetProcAddressARB(0x7f21985a1d71, )
1501123477 - DEBUG: RAISED STOP
1501123477 - INFO: OPERATION: 6
1501123477 - DEBUG: RAISED STOP
1501123477 - INFO: OPERATION: 22
STORE CALL: glXGetProcAddressARB(0x7f21985a1d84, )
1501123477 - DEBUG: RAISED STOP
1501123477 - INFO: OPERATION: 6
1501123477 - DEBUG: RAISED STOP
1501123477 - INFO: OPERATION: 22
STORE CALL: glXGetProcAddressARB(0x7f21985a1d96, )
1501123477 - DEBUG: RAISED STOP
1501123477 - INFO: OPERATION: 6
1501123477 - DEBUG: RAISED STOP
1501123477 - INFO: OPERATION: 22
STORE CALL: glXGetProcAddressARB(0x7f21985a1da9, )
1501123477 - DEBUG: RAISED STOP
1501123477 - INFO: OPERATION: 6
1501123477 - DEBUG: RAISED STOP
1501123477 - INFO: OPERATION: 22
STORE CALL: glXGetProcAddressARB(0x7f21985a1dbb, )
1501123477 - DEBUG: RAISED STOP
1501123477 - INFO: OPERATION: 6
1501123477 - DEBUG: RAISED STOP
1501123477 - INFO: OPERATION: 22
STORE CALL: glXGetProcAddressARB(0x7f21985a1dce, )
1501123477 - DEBUG: RAISED STOP
1501123477 - INFO: OPERATION: 6
1501123477 - DEBUG: RAISED STOP
1501123477 - INFO: OPERATION: 22
STORE CALL: glXGetProcAddressARB(0x7f21985a1de0, )
1501123477 - DEBUG: RAISED STOP
1501123477 - INFO: OPERATION: 6
1501123477 - DEBUG: RAISED STOP
1501123477 - INFO: OPERATION: 22
STORE CALL: glXGetProcAddressARB(0x7f21985a1df3, )
1501123477 - DEBUG: RAISED STOP
1501123477 - INFO: OPERATION: 6
1501123477 - DEBUG: RAISED STOP
1501123477 - INFO: OPERATION: 22
STORE CALL: glXGetProcAddressARB(0x7f21985a1e05, )
1501123477 - DEBUG: RAISED STOP
1501123477 - INFO: OPERATION: 6
1501123477 - DEBUG: RAISED STOP
1501123477 - INFO: OPERATION: 22
STORE CALL: glXGetProcAddressARB(0x7f21985a1e18, )
1501123477 - DEBUG: RAISED STOP
1501123477 - INFO: OPERATION: 6
1501123477 - DEBUG: RAISED STOP
1501123477 - INFO: OPERATION: 22
STORE CALL: glXGetProcAddressARB(0x7f21985a1e2a, )
1501123477 - DEBUG: RAISED STOP
1501123477 - INFO: OPERATION: 6
1501123477 - DEBUG: RAISED STOP
1501123477 - INFO: OPERATION: 22
STORE CALL: glXGetProcAddressARB(0x7f21985a1e3d, )
1501123477 - DEBUG: RAISED STOP
1501123477 - INFO: OPERATION: 6
1501123477 - DEBUG: RAISED STOP
1501123477 - INFO: OPERATION: 22
STORE CALL: glXGetProcAddressARB(0x7f21985a1e4f, )
1501123477 - DEBUG: RAISED STOP
1501123477 - INFO: OPERATION: 6
1501123477 - DEBUG: RAISED STOP
1501123477 - INFO: OPERATION: 22
STORE CALL: glXGetProcAddressARB(0x7f21985a1e62, )
1501123477 - DEBUG: RAISED STOP
1501123477 - INFO: OPERATION: 6
1501123477 - DEBUG: RAISED STOP
1501123477 - INFO: OPERATION: 22
STORE CALL: glXGetProcAddressARB(0x7f21985a1e74, )
1501123477 - DEBUG: RAISED STOP
1501123477 - INFO: OPERATION: 6
1501123477 - DEBUG: RAISED STOP
1501123477 - INFO: OPERATION: 22
STORE CALL: glXGetProcAddressARB(0x7f21985a1e87, )
1501123477 - DEBUG: RAISED STOP
1501123477 - INFO: OPERATION: 6
1501123477 - DEBUG: RAISED STOP
1501123477 - INFO: OPERATION: 22
STORE CALL: glXGetProcAddressARB(0x7f21985a1e99, )
1501123477 - DEBUG: RAISED STOP
1501123477 - INFO: OPERATION: 6
1501123477 - DEBUG: RAISED STOP
1501123477 - INFO: OPERATION: 22
STORE CALL: glXGetProcAddressARB(0x7f21985a1eac, )
1501123477 - DEBUG: RAISED STOP
1501123477 - INFO: OPERATION: 6
1501123477 - DEBUG: RAISED STOP
1501123477 - INFO: OPERATION: 22
STORE CALL: glXGetProcAddressARB(0x7f21985a1ebe, )
1501123477 - DEBUG: RAISED STOP
1501123477 - INFO: OPERATION: 6
1501123477 - DEBUG: RAISED STOP
1501123477 - INFO: OPERATION: 22
STORE CALL: glXGetProcAddressARB(0x7f21985a1ed1, )
1501123477 - DEBUG: RAISED STOP
1501123477 - INFO: OPERATION: 6
1501123477 - DEBUG: RAISED STOP
1501123477 - INFO: OPERATION: 22
STORE CALL: glXGetProcAddressARB(0x7f21985a1ee3, )
1501123477 - DEBUG: RAISED STOP
1501123477 - INFO: OPERATION: 6
1501123477 - DEBUG: RAISED STOP
1501123477 - INFO: OPERATION: 22
STORE CALL: glXGetProcAddressARB(0x7f21985a1ef6, )
1501123477 - DEBUG: RAISED STOP
1501123477 - INFO: OPERATION: 6
1501123477 - DEBUG: RAISED STOP
1501123477 - INFO: OPERATION: 22
STORE CALL: glXGetProcAddressARB(0x7f21985a1f08, )
1501123477 - DEBUG: RAISED STOP
1501123477 - INFO: OPERATION: 6
1501123477 - DEBUG: RAISED STOP
1501123477 - INFO: OPERATION: 22
STORE CALL: glXGetProcAddressARB(0x7f21985a1f1b, )
1501123477 - DEBUG: RAISED STOP
1501123477 - INFO: OPERATION: 6
1501123477 - DEBUG: RAISED STOP
1501123477 - INFO: OPERATION: 22
STORE CALL: glXGetProcAddressARB(0x7f21985a1f2d, )
1501123477 - DEBUG: RAISED STOP
1501123477 - INFO: OPERATION: 6
1501123477 - DEBUG: RAISED STOP
1501123477 - INFO: OPERATION: 22
STORE CALL: glXGetProcAddressARB(0x7f21985a1f40, )
1501123477 - DEBUG: RAISED STOP
1501123477 - INFO: OPERATION: 6
1501123477 - DEBUG: RAISED STOP
1501123477 - INFO: OPERATION: 22
STORE CALL: glXGetProcAddressARB(0x7f21985a1f52, )
1501123477 - DEBUG: RAISED STOP
1501123477 - INFO: OPERATION: 6
1501123477 - DEBUG: RAISED STOP
1501123477 - INFO: OPERATION: 22
STORE CALL: glXGetProcAddressARB(0x7f21985a1f65, )
1501123477 - DEBUG: RAISED STOP
1501123477 - INFO: OPERATION: 6
1501123477 - DEBUG: RAISED STOP
1501123477 - INFO: OPERATION: 22
STORE CALL: glXGetProcAddressARB(0x7f21985a1f76, )
1501123477 - DEBUG: RAISED STOP
1501123477 - INFO: OPERATION: 6
1501123477 - DEBUG: RAISED STOP
1501123477 - INFO: OPERATION: 22
STORE CALL: glXGetProcAddressARB(0x7f21985a1f83, )
1501123477 - DEBUG: RAISED STOP
1501123477 - INFO: OPERATION: 6
1501123477 - DEBUG: RAISED STOP
1501123477 - INFO: OPERATION: 22
STORE CALL: glXGetProcAddressARB(0x7f21985a1f93, )
1501123477 - DEBUG: RAISED STOP
1501123477 - INFO: OPERATION: 6
1501123477 - DEBUG: RAISED STOP
1501123477 - INFO: OPERATION: 22
STORE CALL: glXGetProcAddressARB(0x7f21985a1fa7, )
1501123477 - DEBUG: RAISED STOP
1501123477 - INFO: OPERATION: 6
1501123477 - DEBUG: RAISED STOP
1501123477 - INFO: OPERATION: 22
STORE CALL: glXGetProcAddressARB(0x7f21985a1fb9, )
1501123477 - DEBUG: RAISED STOP
1501123477 - INFO: OPERATION: 6
1501123477 - DEBUG: RAISED STOP
1501123477 - INFO: OPERATION: 22
STORE CALL: glXGetProcAddressARB(0x7f21985a1fc5, )
1501123477 - DEBUG: RAISED STOP
1501123477 - INFO: OPERATION: 6
1501123477 - DEBUG: RAISED STOP
1501123477 - INFO: OPERATION: 22
STORE CALL: glXGetProcAddressARB(0x7f21985a1fd2, )
1501123477 - DEBUG: RAISED STOP
1501123477 - INFO: OPERATION: 6
1501123477 - DEBUG: RAISED STOP
1501123477 - INFO: OPERATION: 22
STORE CALL: glXGetProcAddressARB(0x7f21985a1fde, )
1501123477 - DEBUG: RAISED STOP
1501123477 - INFO: OPERATION: 6
1501123477 - DEBUG: RAISED STOP
1501123477 - INFO: OPERATION: 22
STORE CALL: glXGetProcAddressARB(0x7f21985a1feb, )
1501123477 - DEBUG: RAISED STOP
1501123477 - INFO: OPERATION: 6
1501123477 - DEBUG: RAISED STOP
1501123477 - INFO: OPERATION: 22
STORE CALL: glXGetProcAddressARB(0x7f21985a1ffd, )
1501123477 - DEBUG: RAISED STOP
1501123477 - INFO: OPERATION: 6
1501123477 - DEBUG: RAISED STOP
1501123477 - INFO: OPERATION: 22
STORE CALL: glXGetProcAddressARB(0x7f21985a2011, )
1501123477 - DEBUG: RAISED STOP
1501123477 - INFO: OPERATION: 6
1501123477 - DEBUG: RAISED STOP
1501123477 - INFO: OPERATION: 22
STORE CALL: glXGetProcAddressARB(0x7f21985a2023, )
1501123477 - DEBUG: RAISED STOP
1501123477 - INFO: OPERATION: 6
1501123477 - DEBUG: RAISED STOP
1501123477 - INFO: OPERATION: 22
STORE CALL: glXGetProcAddressARB(0x7f21985a2036, )
1501123477 - DEBUG: RAISED STOP
1501123477 - INFO: OPERATION: 6
1501123477 - DEBUG: RAISED STOP
1501123477 - INFO: OPERATION: 22
STORE CALL: glXGetProcAddressARB(0x7f21985a2048, )
1501123477 - DEBUG: RAISED STOP
1501123477 - INFO: OPERATION: 6
1501123477 - DEBUG: RAISED STOP
1501123477 - INFO: OPERATION: 22
STORE CALL: glXGetProcAddressARB(0x7f21985a205b, )
1501123477 - DEBUG: RAISED STOP
1501123477 - INFO: OPERATION: 6
1501123477 - DEBUG: RAISED STOP
1501123477 - INFO: OPERATION: 22
STORE CALL: glXGetProcAddressARB(0x7f21985a206e, )
1501123477 - DEBUG: RAISED STOP
1501123477 - INFO: OPERATION: 6
1501123477 - DEBUG: RAISED STOP
1501123477 - INFO: OPERATION: 22
STORE CALL: glXGetProcAddressARB(0x7f21985a2082, )
1501123477 - DEBUG: RAISED STOP
1501123477 - INFO: OPERATION: 6
1501123477 - DEBUG: RAISED STOP
1501123477 - INFO: OPERATION: 22
STORE CALL: glXGetProcAddressARB(0x7f21985a2095, )
1501123477 - DEBUG: RAISED STOP
1501123478 - INFO: OPERATION: 6
1501123478 - DEBUG: RAISED STOP
1501123478 - INFO: OPERATION: 22
STORE CALL: glXGetProcAddressARB(0x7f21985a20a9, )
1501123478 - DEBUG: RAISED STOP
1501123478 - INFO: OPERATION: 6
1501123478 - DEBUG: RAISED STOP
1501123478 - INFO: OPERATION: 22
STORE CALL: glXGetProcAddressARB(0x7f21985a20bc, )
1501123478 - DEBUG: RAISED STOP
1501123478 - INFO: OPERATION: 6
1501123478 - DEBUG: RAISED STOP
1501123478 - INFO: OPERATION: 22
STORE CALL: glXGetProcAddressARB(0x7f21985a20d0, )
1501123478 - DEBUG: RAISED STOP
1501123478 - INFO: OPERATION: 6
1501123478 - DEBUG: RAISED STOP
1501123478 - INFO: OPERATION: 22
STORE CALL: glXGetProcAddressARB(0x7f21985a20e3, )
1501123478 - DEBUG: RAISED STOP
1501123478 - INFO: OPERATION: 6
1501123478 - DEBUG: RAISED STOP
1501123478 - INFO: OPERATION: 22
STORE CALL: glXGetProcAddressARB(0x7f21985a20f7, )
1501123478 - DEBUG: RAISED STOP
1501123478 - INFO: OPERATION: 6
1501123478 - DEBUG: RAISED STOP
1501123478 - INFO: OPERATION: 22
STORE CALL: glXGetProcAddressARB(0x7f21985a210a, )
1501123478 - DEBUG: RAISED STOP
1501123478 - INFO: OPERATION: 6
1501123478 - DEBUG: RAISED STOP
1501123478 - INFO: OPERATION: 22
STORE CALL: glXGetProcAddressARB(0x7f21985a211e, )
1501123478 - DEBUG: RAISED STOP
1501123478 - INFO: OPERATION: 6
1501123478 - DEBUG: RAISED STOP
1501123478 - INFO: OPERATION: 22
STORE CALL: glXGetProcAddressARB(0x7f21985a2132, )
1501123478 - DEBUG: RAISED STOP
1501123478 - INFO: OPERATION: 6
1501123478 - DEBUG: RAISED STOP
1501123478 - INFO: OPERATION: 22
STORE CALL: glXGetProcAddressARB(0x7f21985a2147, )
1501123478 - DEBUG: RAISED STOP
1501123478 - INFO: OPERATION: 6
1501123478 - DEBUG: RAISED STOP
1501123478 - INFO: OPERATION: 22
STORE CALL: glXGetProcAddressARB(0x7f21985a215b, )
1501123478 - DEBUG: RAISED STOP
1501123478 - INFO: OPERATION: 6
1501123478 - DEBUG: RAISED STOP
1501123478 - INFO: OPERATION: 22
STORE CALL: glXGetProcAddressARB(0x7f21985a2170, )
1501123478 - DEBUG: RAISED STOP
1501123478 - INFO: OPERATION: 6
1501123478 - DEBUG: RAISED STOP
1501123478 - INFO: OPERATION: 22
STORE CALL: glXGetProcAddressARB(0x7f21985a2184, )
1501123478 - DEBUG: RAISED STOP
1501123478 - INFO: OPERATION: 6
1501123478 - DEBUG: RAISED STOP
1501123478 - INFO: OPERATION: 22
STORE CALL: glXGetProcAddressARB(0x7f21985a2199, )
1501123478 - DEBUG: RAISED STOP
1501123478 - INFO: OPERATION: 6
1501123478 - DEBUG: RAISED STOP
1501123478 - INFO: OPERATION: 22
STORE CALL: glXGetProcAddressARB(0x7f21985a21b1, )
1501123478 - DEBUG: RAISED STOP
1501123478 - INFO: OPERATION: 6
1501123478 - DEBUG: RAISED STOP
1501123478 - INFO: OPERATION: 22
STORE CALL: glXGetProcAddressARB(0x7f21985a21bf, )
1501123478 - DEBUG: RAISED STOP
1501123478 - INFO: OPERATION: 6
1501123478 - DEBUG: RAISED STOP
1501123478 - INFO: OPERATION: 22
STORE CALL: glXGetProcAddressARB(0x7f21985a21ce, )
1501123478 - DEBUG: RAISED STOP
1501123478 - INFO: OPERATION: 6
1501123478 - DEBUG: RAISED STOP
1501123478 - INFO: OPERATION: 22
STORE CALL: glXGetProcAddressARB(0x7f21985a21dc, )
1501123478 - DEBUG: RAISED STOP
1501123478 - INFO: OPERATION: 6
1501123478 - DEBUG: RAISED STOP
1501123478 - INFO: OPERATION: 22
STORE CALL: glXGetProcAddressARB(0x7f21985a21eb, )
1501123478 - DEBUG: RAISED STOP
1501123478 - INFO: OPERATION: 6
1501123478 - DEBUG: RAISED STOP
1501123478 - INFO: OPERATION: 22
STORE CALL: glXGetProcAddressARB(0x7f21985a21f9, )
1501123478 - DEBUG: RAISED STOP
1501123478 - INFO: OPERATION: 6
1501123478 - DEBUG: RAISED STOP
1501123478 - INFO: OPERATION: 22
STORE CALL: glXGetProcAddressARB(0x7f21985a2208, )
1501123478 - DEBUG: RAISED STOP
1501123478 - INFO: OPERATION: 6
1501123478 - DEBUG: RAISED STOP
1501123478 - INFO: OPERATION: 22
STORE CALL: glXGetProcAddressARB(0x7f21985a2216, )
1501123478 - DEBUG: RAISED STOP
1501123478 - INFO: OPERATION: 6
1501123478 - DEBUG: RAISED STOP
1501123478 - INFO: OPERATION: 22
STORE CALL: glXGetProcAddressARB(0x7f21985a2225, )
1501123478 - DEBUG: RAISED STOP
1501123478 - INFO: OPERATION: 6
1501123478 - DEBUG: RAISED STOP
1501123478 - INFO: OPERATION: 22
STORE CALL: glXGetProcAddressARB(0x7f21985a2233, )
1501123478 - DEBUG: RAISED STOP
1501123478 - INFO: OPERATION: 6
1501123478 - DEBUG: RAISED STOP
1501123478 - INFO: OPERATION: 22
STORE CALL: glXGetProcAddressARB(0x7f21985a2242, )
1501123478 - DEBUG: RAISED STOP
1501123478 - INFO: OPERATION: 6
1501123478 - DEBUG: RAISED STOP
1501123478 - INFO: OPERATION: 22
STORE CALL: glXGetProcAddressARB(0x7f21985a2250, )
1501123478 - DEBUG: RAISED STOP
1501123478 - INFO: OPERATION: 6
1501123478 - DEBUG: RAISED STOP
1501123478 - INFO: OPERATION: 22
STORE CALL: glXGetProcAddressARB(0x7f21985a225f, )
1501123478 - DEBUG: RAISED STOP
1501123478 - INFO: OPERATION: 6
1501123478 - DEBUG: RAISED STOP
1501123478 - INFO: OPERATION: 22
STORE CALL: glXGetProcAddressARB(0x7f21985a226d, )
1501123478 - DEBUG: RAISED STOP
1501123478 - INFO: OPERATION: 6
1501123478 - DEBUG: RAISED STOP
1501123478 - INFO: OPERATION: 22
STORE CALL: glXGetProcAddressARB(0x7f21985a227c, )
1501123478 - DEBUG: RAISED STOP
1501123478 - INFO: OPERATION: 6
1501123478 - DEBUG: RAISED STOP
1501123478 - INFO: OPERATION: 22
STORE CALL: glXGetProcAddressARB(0x7f21985a228a, )
1501123478 - DEBUG: RAISED STOP
1501123478 - INFO: OPERATION: 6
1501123478 - DEBUG: RAISED STOP
1501123478 - INFO: OPERATION: 22
STORE CALL: glXGetProcAddressARB(0x7f21985a2299, )
1501123478 - DEBUG: RAISED STOP
1501123478 - INFO: OPERATION: 6
1501123478 - DEBUG: RAISED STOP
1501123478 - INFO: OPERATION: 22
STORE CALL: glXGetProcAddressARB(0x7f21985a22a6, )
1501123478 - DEBUG: RAISED STOP
1501123478 - INFO: OPERATION: 6
1501123478 - DEBUG: RAISED STOP
1501123478 - INFO: OPERATION: 22
STORE CALL: glXGetProcAddressARB(0x7f21985a22b3, )
1501123478 - DEBUG: RAISED STOP
1501123478 - INFO: OPERATION: 6
1501123478 - DEBUG: RAISED STOP
1501123478 - INFO: OPERATION: 22
STORE CALL: glXGetProcAddressARB(0x7f21985a22c0, )
1501123478 - DEBUG: RAISED STOP
1501123478 - INFO: OPERATION: 6
1501123478 - DEBUG: RAISED STOP
1501123478 - INFO: OPERATION: 22
STORE CALL: glXGetProcAddressARB(0x7f21985a22d0, )
1501123478 - DEBUG: RAISED STOP
1501123478 - INFO: OPERATION: 6
1501123478 - DEBUG: RAISED STOP
1501123478 - INFO: OPERATION: 22
STORE CALL: glXGetProcAddressARB(0x7f21985a22e0, )
1501123478 - DEBUG: RAISED STOP
1501123478 - INFO: OPERATION: 6
1501123478 - DEBUG: RAISED STOP
1501123478 - INFO: OPERATION: 22
STORE CALL: glXGetProcAddressARB(0x7f21985a22f0, )
1501123478 - DEBUG: RAISED STOP
1501123478 - INFO: OPERATION: 6
1501123478 - DEBUG: RAISED STOP
1501123478 - INFO: OPERATION: 22
STORE CALL: glXGetProcAddressARB(0x7f21985a22fb, )
1501123478 - DEBUG: RAISED STOP
1501123478 - INFO: OPERATION: 6
1501123478 - DEBUG: RAISED STOP
1501123478 - INFO: OPERATION: 22
STORE CALL: glXGetProcAddressARB(0x7f21985a2308, )
1501123478 - DEBUG: RAISED STOP
1501123478 - INFO: OPERATION: 6
1501123478 - DEBUG: RAISED STOP
1501123478 - INFO: OPERATION: 22
STORE CALL: glXGetProcAddressARB(0x7f21985a2315, )
1501123478 - DEBUG: RAISED STOP
1501123478 - INFO: OPERATION: 6
1501123478 - DEBUG: RAISED STOP
1501123478 - INFO: OPERATION: 22
STORE CALL: glXGetProcAddressARB(0x7f21985a232c, )
1501123478 - DEBUG: RAISED STOP
1501123478 - INFO: OPERATION: 6
1501123478 - DEBUG: RAISED STOP
1501123478 - INFO: OPERATION: 22
STORE CALL: glXGetProcAddressARB(0x7f21985a2340, )
1501123478 - DEBUG: RAISED STOP
1501123478 - INFO: OPERATION: 6
1501123478 - DEBUG: RAISED STOP
1501123478 - INFO: OPERATION: 22
STORE CALL: glXGetProcAddressARB(0x7f21985a2353, )
1501123478 - DEBUG: RAISED STOP
1501123478 - INFO: OPERATION: 6
1501123478 - DEBUG: RAISED STOP
1501123478 - INFO: OPERATION: 22
STORE CALL: glXGetProcAddressARB(0x7f21985a2366, )
1501123478 - DEBUG: RAISED STOP
1501123478 - INFO: OPERATION: 6
1501123478 - DEBUG: RAISED STOP
1501123478 - INFO: OPERATION: 22
STORE CALL: glXGetProcAddressARB(0x7f21985a237a, )
1501123478 - DEBUG: RAISED STOP
1501123478 - INFO: OPERATION: 6
1501123478 - DEBUG: RAISED STOP
1501123478 - INFO: OPERATION: 22
STORE CALL: glXGetProcAddressARB(0x7f21985a2387, )
1501123478 - DEBUG: RAISED STOP
1501123478 - INFO: OPERATION: 6
1501123478 - DEBUG: RAISED STOP
1501123478 - INFO: OPERATION: 22
STORE CALL: glXGetProcAddressARB(0x7f21985a2392, )
1501123478 - DEBUG: RAISED STOP
1501123478 - INFO: OPERATION: 6
1501123478 - DEBUG: RAISED STOP
1501123478 - INFO: OPERATION: 22
STORE CALL: glXGetProcAddressARB(0x7f21985a239c, )
1501123478 - DEBUG: RAISED STOP
1501123479 - INFO: OPERATION: 6
1501123479 - DEBUG: RAISED STOP
1501123479 - INFO: OPERATION: 22
STORE CALL: glXGetProcAddressARB(0x7f21985a23a8, )
1501123479 - DEBUG: RAISED STOP
1501123479 - INFO: OPERATION: 6
1501123479 - DEBUG: RAISED STOP
1501123479 - INFO: OPERATION: 22
STORE CALL: glXGetProcAddressARB(0x7f21985a23b6, )
1501123479 - DEBUG: RAISED STOP
1501123479 - INFO: OPERATION: 6
1501123479 - DEBUG: RAISED STOP
1501123479 - INFO: OPERATION: 22
STORE CALL: glXGetProcAddressARB(0x7f21985a23c5, )
1501123479 - DEBUG: RAISED STOP
1501123479 - INFO: OPERATION: 6
1501123479 - DEBUG: RAISED STOP
1501123479 - INFO: OPERATION: 22
STORE CALL: glXGetProcAddressARB(0x7f21985a23da, )
1501123479 - DEBUG: RAISED STOP
1501123479 - INFO: OPERATION: 6
1501123479 - DEBUG: RAISED STOP
1501123479 - INFO: OPERATION: 22
STORE CALL: glXGetProcAddressARB(0x7f21985a23f2, )
1501123479 - DEBUG: RAISED STOP
1501123479 - INFO: OPERATION: 6
1501123479 - DEBUG: RAISED STOP
1501123479 - INFO: OPERATION: 22
STORE CALL: glXGetProcAddressARB(0x7f21985a2402, )
1501123479 - DEBUG: RAISED STOP
1501123479 - INFO: OPERATION: 6
1501123479 - DEBUG: RAISED STOP
1501123479 - INFO: OPERATION: 22
STORE CALL: glXGetProcAddressARB(0x7f21985a2412, )
1501123479 - DEBUG: RAISED STOP
1501123479 - INFO: OPERATION: 6
1501123479 - DEBUG: RAISED STOP
1501123479 - INFO: OPERATION: 22
STORE CALL: glXGetProcAddressARB(0x7f21985a2421, )
1501123479 - DEBUG: RAISED STOP
1501123479 - INFO: OPERATION: 6
1501123479 - DEBUG: RAISED STOP
1501123479 - INFO: OPERATION: 22
STORE CALL: glXGetProcAddressARB(0x7f21985a2431, )
1501123479 - DEBUG: RAISED STOP
1501123479 - INFO: OPERATION: 6
1501123479 - DEBUG: RAISED STOP
1501123479 - INFO: OPERATION: 22
STORE CALL: glXGetProcAddressARB(0x7f21985a2440, )
1501123479 - DEBUG: RAISED STOP
1501123479 - INFO: OPERATION: 6
1501123479 - DEBUG: RAISED STOP
1501123479 - INFO: OPERATION: 22
STORE CALL: glXGetProcAddressARB(0x7f21985a244f, )
1501123479 - DEBUG: RAISED STOP
1501123479 - INFO: OPERATION: 6
1501123479 - DEBUG: RAISED STOP
1501123479 - INFO: OPERATION: 22
STORE CALL: glXGetProcAddressARB(0x7f21985a246a, )
1501123479 - DEBUG: RAISED STOP
1501123479 - INFO: OPERATION: 6
1501123479 - DEBUG: RAISED STOP
1501123479 - INFO: OPERATION: 22
STORE CALL: glXGetProcAddressARB(0x7f21985a2478, )
1501123479 - DEBUG: RAISED STOP
1501123479 - INFO: OPERATION: 6
1501123479 - DEBUG: RAISED STOP
1501123479 - INFO: OPERATION: 22
STORE CALL: glXGetProcAddressARB(0x7f21985a2492, )
1501123479 - DEBUG: RAISED STOP
1501123479 - INFO: OPERATION: 6
1501123479 - DEBUG: RAISED STOP
1501123479 - INFO: OPERATION: 22
STORE CALL: glXGetProcAddressARB(0x7f21985a24a4, )
1501123479 - DEBUG: RAISED STOP
1501123479 - INFO: OPERATION: 6
1501123479 - DEBUG: RAISED STOP
1501123479 - INFO: OPERATION: 22
STORE CALL: glXGetProcAddressARB(0x7f21985a24b7, )
1501123479 - DEBUG: RAISED STOP
1501123479 - INFO: OPERATION: 6
1501123479 - DEBUG: RAISED STOP
1501123479 - INFO: OPERATION: 22
STORE CALL: glXGetProcAddressARB(0x7f21985a24cc, )
1501123479 - DEBUG: RAISED STOP
1501123479 - INFO: OPERATION: 6
1501123479 - DEBUG: RAISED STOP
1501123479 - INFO: OPERATION: 22
STORE CALL: glXGetProcAddressARB(0x7f21985a24e0, )
1501123479 - DEBUG: RAISED STOP
1501123479 - INFO: OPERATION: 6
1501123479 - DEBUG: RAISED STOP
1501123479 - INFO: OPERATION: 22
STORE CALL: glXGetProcAddressARB(0x7f21985a24f4, )
1501123479 - DEBUG: RAISED STOP
1501123479 - INFO: OPERATION: 6
1501123479 - DEBUG: RAISED STOP
1501123479 - INFO: OPERATION: 22
STORE CALL: glXGetProcAddressARB(0x7f21985a2503, )
1501123479 - DEBUG: RAISED STOP
1501123479 - INFO: OPERATION: 6
1501123479 - DEBUG: RAISED STOP
1501123479 - INFO: OPERATION: 22
STORE CALL: glXGetProcAddressARB(0x7f21985a2516, )
1501123479 - DEBUG: RAISED STOP
1501123479 - INFO: OPERATION: 6
1501123479 - DEBUG: RAISED STOP
1501123479 - INFO: OPERATION: 22
STORE CALL: glXGetProcAddressARB(0x7f21985a2528, )
1501123479 - DEBUG: RAISED STOP
1501123479 - INFO: OPERATION: 6
1501123479 - DEBUG: RAISED STOP
1501123479 - INFO: OPERATION: 22
STORE CALL: glXGetProcAddressARB(0x7f21985a2536, )
1501123479 - DEBUG: RAISED STOP
1501123479 - INFO: OPERATION: 6
1501123479 - DEBUG: RAISED STOP
1501123479 - INFO: OPERATION: 22
STORE CALL: glXGetProcAddressARB(0x7f21985a254b, )
1501123479 - DEBUG: RAISED STOP
1501123479 - INFO: OPERATION: 6
1501123479 - DEBUG: RAISED STOP
1501123479 - INFO: OPERATION: 22
STORE CALL: glXGetProcAddressARB(0x7f21985a255a, )
1501123479 - DEBUG: RAISED STOP
1501123479 - INFO: OPERATION: 6
1501123479 - DEBUG: RAISED STOP
1501123479 - INFO: OPERATION: 22
STORE CALL: glXGetProcAddressARB(0x7f21985a2569, )
1501123479 - DEBUG: RAISED STOP
1501123479 - INFO: OPERATION: 6
1501123479 - DEBUG: RAISED STOP
1501123479 - INFO: OPERATION: 22
STORE CALL: glXGetProcAddressARB(0x7f21985a2583, )
1501123479 - DEBUG: RAISED STOP
1501123479 - INFO: OPERATION: 6
1501123479 - DEBUG: RAISED STOP
1501123479 - INFO: OPERATION: 22
STORE CALL: glXGetProcAddressARB(0x7f21985a2597, )
1501123479 - DEBUG: RAISED STOP
1501123479 - INFO: OPERATION: 6
1501123479 - DEBUG: RAISED STOP
1501123479 - INFO: OPERATION: 22
STORE CALL: glXGetProcAddressARB(0x7f21985a25ab, )
1501123479 - DEBUG: RAISED STOP
1501123479 - INFO: OPERATION: 6
1501123479 - DEBUG: RAISED STOP
1501123479 - INFO: OPERATION: 22
STORE CALL: glXGetProcAddressARB(0x7f21985a25bf, )
1501123479 - DEBUG: RAISED STOP
1501123479 - INFO: OPERATION: 6
1501123479 - DEBUG: RAISED STOP
1501123479 - INFO: OPERATION: 22
STORE CALL: glXGetProcAddressARB(0x7f21985a25cb, )
1501123479 - DEBUG: RAISED STOP
1501123479 - INFO: OPERATION: 6
1501123479 - DEBUG: RAISED STOP
1501123479 - INFO: OPERATION: 22
STORE CALL: glXGetProcAddressARB(0x7f21985a25d6, )
1501123479 - DEBUG: RAISED STOP
1501123479 - INFO: OPERATION: 6
1501123479 - DEBUG: RAISED STOP
1501123479 - INFO: OPERATION: 22
STORE CALL: glXGetProcAddressARB(0x7f21985a25e4, )
1501123479 - DEBUG: RAISED STOP
1501123479 - INFO: OPERATION: 6
1501123479 - DEBUG: RAISED STOP
1501123479 - INFO: OPERATION: 22
STORE CALL: glXGetProcAddressARB(0x7f21985a25f3, )
1501123479 - DEBUG: RAISED STOP
1501123479 - INFO: OPERATION: 6
1501123479 - DEBUG: RAISED STOP
1501123479 - INFO: OPERATION: 22
STORE CALL: glXGetProcAddressARB(0x7f21985a2609, )
1501123479 - DEBUG: RAISED STOP
1501123479 - INFO: OPERATION: 6
1501123479 - DEBUG: RAISED STOP
1501123479 - INFO: OPERATION: 22
STORE CALL: glXGetProcAddressARB(0x7f21985a261f, )
1501123479 - DEBUG: RAISED STOP
1501123479 - INFO: OPERATION: 6
1501123479 - DEBUG: RAISED STOP
1501123479 - INFO: OPERATION: 22
STORE CALL: glXGetProcAddressARB(0x7f21985a2633, )
1501123479 - DEBUG: RAISED STOP
1501123480 - INFO: OPERATION: 6
1501123480 - DEBUG: RAISED STOP
1501123480 - INFO: OPERATION: 22
STORE CALL: glXGetProcAddressARB(0x7f21985a263f, )
1501123480 - DEBUG: RAISED STOP
1501123480 - INFO: OPERATION: 6
1501123480 - DEBUG: RAISED STOP
1501123480 - INFO: OPERATION: 22
STORE CALL: glXGetProcAddressARB(0x7f21985a264c, )
1501123480 - DEBUG: RAISED STOP
1501123480 - INFO: OPERATION: 6
1501123480 - DEBUG: RAISED STOP
1501123480 - INFO: OPERATION: 22
STORE CALL: glXGetProcAddressARB(0x7f21985a2658, )
1501123480 - DEBUG: RAISED STOP
1501123480 - INFO: OPERATION: 6
1501123480 - DEBUG: RAISED STOP
1501123480 - INFO: OPERATION: 22
STORE CALL: glXGetProcAddressARB(0x7f21985a2665, )
1501123480 - DEBUG: RAISED STOP
1501123480 - INFO: OPERATION: 6
1501123480 - DEBUG: RAISED STOP
1501123480 - INFO: OPERATION: 22
STORE CALL: glXGetProcAddressARB(0x7f21985a2671, )
1501123480 - DEBUG: RAISED STOP
1501123480 - INFO: OPERATION: 6
1501123480 - DEBUG: RAISED STOP
1501123480 - INFO: OPERATION: 22
STORE CALL: glXGetProcAddressARB(0x7f21985a267e, )
1501123480 - DEBUG: RAISED STOP
1501123480 - INFO: OPERATION: 6
1501123480 - DEBUG: RAISED STOP
1501123480 - INFO: OPERATION: 22
STORE CALL: glXGetProcAddressARB(0x7f21985a268a, )
1501123480 - DEBUG: RAISED STOP
1501123480 - INFO: OPERATION: 6
1501123480 - DEBUG: RAISED STOP
1501123480 - INFO: OPERATION: 22
STORE CALL: glXGetProcAddressARB(0x7f21985a2697, )
1501123480 - DEBUG: RAISED STOP
1501123480 - INFO: OPERATION: 6
1501123480 - DEBUG: RAISED STOP
1501123480 - INFO: OPERATION: 22
STORE CALL: glXGetProcAddressARB(0x7f21985a26a3, )
1501123480 - DEBUG: RAISED STOP
1501123480 - INFO: OPERATION: 6
1501123480 - DEBUG: RAISED STOP
1501123480 - INFO: OPERATION: 22
STORE CALL: glXGetProcAddressARB(0x7f21985a26b0, )
1501123480 - DEBUG: RAISED STOP
1501123480 - INFO: OPERATION: 6
1501123480 - DEBUG: RAISED STOP
1501123480 - INFO: OPERATION: 22
STORE CALL: glXGetProcAddressARB(0x7f21985a26bc, )
1501123480 - DEBUG: RAISED STOP
1501123480 - INFO: OPERATION: 6
1501123480 - DEBUG: RAISED STOP
1501123480 - INFO: OPERATION: 22
STORE CALL: glXGetProcAddressARB(0x7f21985a26c9, )
1501123480 - DEBUG: RAISED STOP
1501123480 - INFO: OPERATION: 6
1501123480 - DEBUG: RAISED STOP
1501123480 - INFO: OPERATION: 22
STORE CALL: glXGetProcAddressARB(0x7f21985a26d5, )
1501123480 - DEBUG: RAISED STOP
1501123480 - INFO: OPERATION: 6
1501123480 - DEBUG: RAISED STOP
1501123480 - INFO: OPERATION: 22
STORE CALL: glXGetProcAddressARB(0x7f21985a26e2, )
1501123480 - DEBUG: RAISED STOP
1501123480 - INFO: OPERATION: 6
1501123480 - DEBUG: RAISED STOP
1501123480 - INFO: OPERATION: 22
STORE CALL: glXGetProcAddressARB(0x7f21985a26ee, )
1501123480 - DEBUG: RAISED STOP
1501123480 - INFO: OPERATION: 6
1501123480 - DEBUG: RAISED STOP
1501123480 - INFO: OPERATION: 22
STORE CALL: glXGetProcAddressARB(0x7f21985a26fb, )
1501123480 - DEBUG: RAISED STOP
1501123480 - INFO: OPERATION: 6
1501123480 - DEBUG: RAISED STOP
1501123480 - INFO: OPERATION: 22
STORE CALL: glXGetProcAddressARB(0x7f21985a270e, )
1501123480 - DEBUG: RAISED STOP
1501123480 - INFO: OPERATION: 6
1501123480 - DEBUG: RAISED STOP
1501123480 - INFO: OPERATION: 22
STORE CALL: glXGetProcAddressARB(0x7f21985a2721, )
1501123480 - DEBUG: RAISED STOP
1501123480 - INFO: OPERATION: 6
1501123480 - DEBUG: RAISED STOP
1501123480 - INFO: OPERATION: 22
STORE CALL: glXGetProcAddressARB(0x7f21985a2734, )
1501123480 - DEBUG: RAISED STOP
1501123480 - INFO: OPERATION: 6
1501123480 - DEBUG: RAISED STOP
1501123480 - INFO: OPERATION: 22
STORE CALL: glXGetProcAddressARB(0x7f21985a2741, )
1501123480 - DEBUG: RAISED STOP
1501123480 - INFO: OPERATION: 6
1501123480 - DEBUG: RAISED STOP
1501123480 - INFO: OPERATION: 22
STORE CALL: glXGetProcAddressARB(0x7f21985a2753, )
1501123480 - DEBUG: RAISED STOP
1501123480 - INFO: OPERATION: 6
1501123480 - DEBUG: RAISED STOP
1501123480 - INFO: OPERATION: 22
STORE CALL: glXGetProcAddressARB(0x7f21985a2764, )
1501123480 - DEBUG: RAISED STOP
1501123480 - INFO: OPERATION: 6
1501123480 - DEBUG: RAISED STOP
1501123480 - INFO: OPERATION: 22
STORE CALL: glXGetProcAddressARB(0x7f21985a2776, )
1501123480 - DEBUG: RAISED STOP
1501123480 - INFO: OPERATION: 6
1501123480 - DEBUG: RAISED STOP
1501123480 - INFO: OPERATION: 22
STORE CALL: glXGetProcAddressARB(0x7f21985a2787, )
1501123480 - DEBUG: RAISED STOP
1501123480 - INFO: OPERATION: 6
1501123480 - DEBUG: RAISED STOP
1501123480 - INFO: OPERATION: 22
STORE CALL: glXGetProcAddressARB(0x7f21985a2799, )
1501123480 - DEBUG: RAISED STOP
1501123480 - INFO: OPERATION: 6
1501123480 - DEBUG: RAISED STOP
1501123480 - INFO: OPERATION: 22
STORE CALL: glXGetProcAddressARB(0x7f21985a27aa, )
1501123480 - DEBUG: RAISED STOP
1501123480 - INFO: OPERATION: 6
1501123480 - DEBUG: RAISED STOP
1501123480 - INFO: OPERATION: 22
STORE CALL: glXGetProcAddressARB(0x7f21985a27bc, )
1501123480 - DEBUG: RAISED STOP
1501123480 - INFO: OPERATION: 6
1501123480 - DEBUG: RAISED STOP
1501123480 - INFO: OPERATION: 22
STORE CALL: glXGetProcAddressARB(0x7f21985a27cd, )
1501123480 - DEBUG: RAISED STOP
1501123480 - INFO: OPERATION: 6
1501123480 - DEBUG: RAISED STOP
1501123480 - INFO: OPERATION: 22
STORE CALL: glXGetProcAddressARB(0x7f21985a27df, )
1501123480 - DEBUG: RAISED STOP
1501123480 - INFO: OPERATION: 6
1501123480 - DEBUG: RAISED STOP
1501123480 - INFO: OPERATION: 22
STORE CALL: glXGetProcAddressARB(0x7f21985a27f0, )
1501123480 - DEBUG: RAISED STOP
1501123480 - INFO: OPERATION: 6
1501123480 - DEBUG: RAISED STOP
1501123480 - INFO: OPERATION: 22
STORE CALL: glXGetProcAddressARB(0x7f21985a2802, )
1501123480 - DEBUG: RAISED STOP
1501123481 - INFO: OPERATION: 6
1501123481 - DEBUG: RAISED STOP
1501123481 - INFO: OPERATION: 22
STORE CALL: glXGetProcAddressARB(0x7f21985a2813, )
1501123481 - DEBUG: RAISED STOP
1501123481 - INFO: OPERATION: 6
1501123481 - DEBUG: RAISED STOP
1501123481 - INFO: OPERATION: 22
STORE CALL: glXGetProcAddressARB(0x7f21985a2825, )
1501123481 - DEBUG: RAISED STOP
1501123481 - INFO: OPERATION: 6
1501123481 - DEBUG: RAISED STOP
1501123481 - INFO: OPERATION: 22
STORE CALL: glXGetProcAddressARB(0x7f21985a2836, )
1501123481 - DEBUG: RAISED STOP
1501123481 - INFO: OPERATION: 6
1501123481 - DEBUG: RAISED STOP
1501123481 - INFO: OPERATION: 22
STORE CALL: glXGetProcAddressARB(0x7f21985a2848, )
1501123481 - DEBUG: RAISED STOP
1501123481 - INFO: OPERATION: 6
1501123481 - DEBUG: RAISED STOP
1501123481 - INFO: OPERATION: 22
STORE CALL: glXGetProcAddressARB(0x7f21985a2859, )
1501123481 - DEBUG: RAISED STOP
1501123481 - INFO: OPERATION: 6
1501123481 - DEBUG: RAISED STOP
1501123481 - INFO: OPERATION: 22
STORE CALL: glXGetProcAddressARB(0x7f21985a286b, )
1501123481 - DEBUG: RAISED STOP
1501123481 - INFO: OPERATION: 6
1501123481 - DEBUG: RAISED STOP
1501123481 - INFO: OPERATION: 22
STORE CALL: glXGetProcAddressARB(0x7f21985a287c, )
1501123481 - DEBUG: RAISED STOP
1501123481 - INFO: OPERATION: 6
1501123481 - DEBUG: RAISED STOP
1501123481 - INFO: OPERATION: 22
STORE CALL: glXGetProcAddressARB(0x7f21985a288e, )
1501123481 - DEBUG: RAISED STOP
1501123481 - INFO: OPERATION: 6
1501123481 - DEBUG: RAISED STOP
1501123481 - INFO: OPERATION: 22
STORE CALL: glXGetProcAddressARB(0x7f21985a28a1, )
1501123481 - DEBUG: RAISED STOP
1501123481 - INFO: OPERATION: 6
1501123481 - DEBUG: RAISED STOP
1501123481 - INFO: OPERATION: 22
STORE CALL: glXGetProcAddressARB(0x7f21985a28b4, )
1501123481 - DEBUG: RAISED STOP
1501123481 - INFO: OPERATION: 6
1501123481 - DEBUG: RAISED STOP
1501123481 - INFO: OPERATION: 22
STORE CALL: glXGetProcAddressARB(0x7f21985a28c7, )
1501123481 - DEBUG: RAISED STOP
1501123481 - INFO: OPERATION: 6
1501123481 - DEBUG: RAISED STOP
1501123481 - INFO: OPERATION: 22
STORE CALL: glXGetProcAddressARB(0x7f21985a28da, )
1501123481 - DEBUG: RAISED STOP
1501123481 - INFO: OPERATION: 6
1501123481 - DEBUG: RAISED STOP
1501123481 - INFO: OPERATION: 22
STORE CALL: glXGetProcAddressARB(0x7f21985a28ee, )
1501123481 - DEBUG: RAISED STOP
1501123481 - INFO: OPERATION: 6
1501123481 - DEBUG: RAISED STOP
1501123481 - INFO: OPERATION: 22
STORE CALL: glXGetProcAddressARB(0x7f21985a2902, )
1501123481 - DEBUG: RAISED STOP
1501123481 - INFO: OPERATION: 6
1501123481 - DEBUG: RAISED STOP
1501123481 - INFO: OPERATION: 22
STORE CALL: glXGetProcAddressARB(0x7f21985a2916, )
1501123481 - DEBUG: RAISED STOP
1501123481 - INFO: OPERATION: 6
1501123481 - DEBUG: RAISED STOP
1501123481 - INFO: OPERATION: 22
STORE CALL: glXGetProcAddressARB(0x7f21985a2928, )
1501123481 - DEBUG: RAISED STOP
1501123481 - INFO: OPERATION: 6
1501123481 - DEBUG: RAISED STOP
1501123481 - INFO: OPERATION: 22
STORE CALL: glXGetProcAddressARB(0x7f21985a2939, )
1501123481 - DEBUG: RAISED STOP
1501123481 - INFO: OPERATION: 6
1501123481 - DEBUG: RAISED STOP
1501123481 - INFO: OPERATION: 22
STORE CALL: glXGetProcAddressARB(0x7f21985a294b, )
1501123481 - DEBUG: RAISED STOP
1501123481 - INFO: OPERATION: 6
1501123481 - DEBUG: RAISED STOP
1501123481 - INFO: OPERATION: 22
STORE CALL: glXGetProcAddressARB(0x7f21985a295c, )
1501123481 - DEBUG: RAISED STOP
1501123481 - INFO: OPERATION: 6
1501123481 - DEBUG: RAISED STOP
1501123481 - INFO: OPERATION: 22
STORE CALL: glXGetProcAddressARB(0x7f21985a296e, )
1501123481 - DEBUG: RAISED STOP
1501123481 - INFO: OPERATION: 6
1501123481 - DEBUG: RAISED STOP
1501123481 - INFO: OPERATION: 22
STORE CALL: glXGetProcAddressARB(0x7f21985a2980, )
1501123481 - DEBUG: RAISED STOP
1501123481 - INFO: OPERATION: 6
1501123481 - DEBUG: RAISED STOP
1501123481 - INFO: OPERATION: 22
STORE CALL: glXGetProcAddressARB(0x7f21985a2991, )
1501123481 - DEBUG: RAISED STOP
1501123481 - INFO: OPERATION: 6
1501123481 - DEBUG: RAISED STOP
1501123481 - INFO: OPERATION: 22
STORE CALL: glXGetProcAddressARB(0x7f21985a29a3, )
1501123481 - DEBUG: RAISED STOP
1501123481 - INFO: OPERATION: 6
1501123481 - DEBUG: RAISED STOP
1501123481 - INFO: OPERATION: 22
STORE CALL: glXGetProcAddressARB(0x7f21985a29b6, )
1501123481 - DEBUG: RAISED STOP
1501123481 - INFO: OPERATION: 6
1501123481 - DEBUG: RAISED STOP
1501123481 - INFO: OPERATION: 22
STORE CALL: glXGetProcAddressARB(0x7f21985a29c9, )
1501123481 - DEBUG: RAISED STOP
1501123481 - INFO: OPERATION: 6
1501123481 - DEBUG: RAISED STOP
1501123481 - INFO: OPERATION: 22
STORE CALL: glXGetProcAddressARB(0x7f21985a29dc, )
1501123481 - DEBUG: RAISED STOP
1501123481 - INFO: OPERATION: 6
1501123481 - DEBUG: RAISED STOP
1501123481 - INFO: OPERATION: 22
STORE CALL: glXGetProcAddressARB(0x7f21985a9439, )
1501123481 - DEBUG: RAISED STOP
1501123481 - INFO: OPERATION: 6
1501123481 - DEBUG: RAISED STOP
1501123481 - INFO: OPERATION: 22
STORE CALL: glXGetProcAddressARB(0x7f21985a944e, )
1501123481 - DEBUG: RAISED STOP
1501123481 - INFO: OPERATION: 6
1501123481 - DEBUG: RAISED STOP
1501123481 - INFO: OPERATION: 22
STORE CALL: glXGetProcAddressARB(0x7f21985a9463, )
1501123481 - DEBUG: RAISED STOP
1501123481 - INFO: OPERATION: 6
1501123481 - DEBUG: RAISED STOP
1501123481 - INFO: OPERATION: 22
STORE CALL: glXGetProcAddressARB(0x7f21985a9478, )
1501123481 - DEBUG: RAISED STOP
1501123482 - INFO: OPERATION: 6
1501123482 - DEBUG: RAISED STOP
1501123482 - INFO: OPERATION: 22
STORE CALL: glXGetProcAddressARB(0x7f21985a948d, )
1501123482 - DEBUG: RAISED STOP
1501123482 - INFO: OPERATION: 6
1501123482 - DEBUG: RAISED STOP
1501123482 - INFO: OPERATION: 22
STORE CALL: glXGetProcAddressARB(0x7f21985a94a2, )
1501123482 - DEBUG: RAISED STOP
1501123482 - INFO: OPERATION: 6
1501123482 - DEBUG: RAISED STOP
1501123482 - INFO: OPERATION: 22
STORE CALL: glXGetProcAddressARB(0x7f21985a29f2, )
1501123482 - DEBUG: RAISED STOP
1501123482 - INFO: OPERATION: 6
1501123482 - DEBUG: RAISED STOP
1501123482 - INFO: OPERATION: 22
STORE CALL: glXGetProcAddressARB(0x7f21985a2a0b, )
1501123482 - DEBUG: RAISED STOP
1501123482 - INFO: OPERATION: 6
1501123482 - DEBUG: RAISED STOP
1501123482 - INFO: OPERATION: 22
STORE CALL: glXGetProcAddressARB(0x7f21985a2a24, )
1501123482 - DEBUG: RAISED STOP
1501123482 - INFO: OPERATION: 6
1501123482 - DEBUG: RAISED STOP
1501123482 - INFO: OPERATION: 22
STORE CALL: glXGetProcAddressARB(0x7f21985a2a3b, )
1501123482 - DEBUG: RAISED STOP
1501123482 - INFO: OPERATION: 6
1501123482 - DEBUG: RAISED STOP
1501123482 - INFO: OPERATION: 22
STORE CALL: glXGetProcAddressARB(0x7f21985a2a48, )
1501123482 - DEBUG: RAISED STOP
1501123482 - INFO: OPERATION: 6
1501123482 - DEBUG: RAISED STOP
1501123482 - INFO: OPERATION: 22
STORE CALL: glXGetProcAddressARB(0x7f21985a2a58, )
1501123482 - DEBUG: RAISED STOP
1501123482 - INFO: OPERATION: 6
1501123482 - DEBUG: RAISED STOP
1501123482 - INFO: OPERATION: 22
STORE CALL: glXGetProcAddressARB(0x7f21985a2a68, )
1501123482 - DEBUG: RAISED STOP
1501123482 - INFO: OPERATION: 6
1501123482 - DEBUG: RAISED STOP
1501123482 - INFO: OPERATION: 22
STORE CALL: glXGetProcAddressARB(0x7f21985a2a78, )
1501123482 - DEBUG: RAISED STOP
1501123482 - INFO: OPERATION: 6
1501123482 - DEBUG: RAISED STOP
1501123482 - INFO: OPERATION: 22
STORE CALL: glXGetProcAddressARB(0x7f21985a2a89, )
1501123482 - DEBUG: RAISED STOP
1501123482 - INFO: OPERATION: 6
1501123482 - DEBUG: RAISED STOP
1501123482 - INFO: OPERATION: 22
STORE CALL: glXGetProcAddressARB(0x7f21985a2a96, )
1501123482 - DEBUG: RAISED STOP
1501123482 - INFO: OPERATION: 6
1501123482 - DEBUG: RAISED STOP
1501123482 - INFO: OPERATION: 22
STORE CALL: glXGetProcAddressARB(0x7f21985a2aa1, )
1501123482 - DEBUG: RAISED STOP
1501123482 - INFO: OPERATION: 6
1501123482 - DEBUG: RAISED STOP
1501123482 - INFO: OPERATION: 22
STORE CALL: glXGetProcAddressARB(0x7f21985a2aab, )
1501123482 - DEBUG: RAISED STOP
1501123482 - INFO: OPERATION: 6
1501123482 - DEBUG: RAISED STOP
1501123482 - INFO: OPERATION: 22
STORE CALL: glXGetProcAddressARB(0x7f21985a2ac2, )
1501123482 - DEBUG: RAISED STOP
1501123482 - INFO: OPERATION: 6
1501123482 - DEBUG: RAISED STOP
1501123482 - INFO: OPERATION: 22
STORE CALL: glXGetProcAddressARB(0x7f21985a2ad9, )
1501123482 - DEBUG: RAISED STOP
1501123482 - INFO: OPERATION: 6
1501123482 - DEBUG: RAISED STOP
1501123482 - INFO: OPERATION: 22
STORE CALL: glXGetProcAddressARB(0x7f21985a2ae9, )
1501123482 - DEBUG: RAISED STOP
1501123482 - INFO: OPERATION: 6
1501123482 - DEBUG: RAISED STOP
1501123482 - INFO: OPERATION: 22
STORE CALL: glXGetProcAddressARB(0x7f21985a2aff, )
1501123482 - DEBUG: RAISED STOP
1501123482 - INFO: OPERATION: 6
1501123482 - DEBUG: RAISED STOP
1501123482 - INFO: OPERATION: 22
STORE CALL: glXGetProcAddressARB(0x7f21985a2b0c, )
1501123482 - DEBUG: RAISED STOP
1501123482 - INFO: OPERATION: 6
1501123482 - DEBUG: RAISED STOP
1501123482 - INFO: OPERATION: 22
STORE CALL: glXGetProcAddressARB(0x7f21985a2b21, )
1501123482 - DEBUG: RAISED STOP
1501123482 - INFO: OPERATION: 6
1501123482 - DEBUG: RAISED STOP
1501123482 - INFO: OPERATION: 22
STORE CALL: glXGetProcAddressARB(0x7f21985a2b37, )
1501123482 - DEBUG: RAISED STOP
1501123482 - INFO: OPERATION: 6
1501123482 - DEBUG: RAISED STOP
1501123482 - INFO: OPERATION: 22
STORE CALL: glXGetProcAddressARB(0x7f21985a2b55, )
1501123482 - DEBUG: RAISED STOP
1501123482 - INFO: OPERATION: 6
1501123482 - DEBUG: RAISED STOP
1501123482 - INFO: OPERATION: 22
STORE CALL: glXGetProcAddressARB(0x7f21985a2b65, )
1501123482 - DEBUG: RAISED STOP
1501123482 - INFO: OPERATION: 6
1501123482 - DEBUG: RAISED STOP
1501123482 - INFO: OPERATION: 22
STORE CALL: glXGetProcAddressARB(0x7f21985a2b7a, )
1501123482 - DEBUG: RAISED STOP
1501123482 - INFO: OPERATION: 6
1501123482 - DEBUG: RAISED STOP
1501123482 - INFO: OPERATION: 22
STORE CALL: glXGetProcAddressARB(0x7f21985a2b90, )
1501123482 - DEBUG: RAISED STOP
1501123482 - INFO: OPERATION: 6
1501123482 - DEBUG: RAISED STOP
1501123482 - INFO: OPERATION: 22
STORE CALL: glXGetProcAddressARB(0x7f21985a2b9d, )
1501123482 - DEBUG: RAISED STOP
1501123482 - INFO: OPERATION: 6
1501123482 - DEBUG: RAISED STOP
1501123482 - INFO: OPERATION: 22
STORE CALL: glXGetProcAddressARB(0x7f21985a2baf, )
1501123482 - DEBUG: RAISED STOP
1501123482 - INFO: OPERATION: 6
1501123482 - DEBUG: RAISED STOP
1501123482 - INFO: OPERATION: 22
STORE CALL: glXGetProcAddressARB(0x7f21985a2bc2, )
1501123482 - DEBUG: RAISED STOP
1501123483 - INFO: OPERATION: 6
1501123483 - DEBUG: RAISED STOP
1501123483 - INFO: OPERATION: 22
STORE CALL: glXGetProcAddressARB(0x7f21985a2bde, )
1501123483 - DEBUG: RAISED STOP
1501123483 - INFO: OPERATION: 6
1501123483 - DEBUG: RAISED STOP
1501123483 - INFO: OPERATION: 22
STORE CALL: glXGetProcAddressARB(0x7f21985a2beb, )
1501123483 - DEBUG: RAISED STOP
1501123483 - INFO: OPERATION: 6
1501123483 - DEBUG: RAISED STOP
1501123483 - INFO: OPERATION: 22
STORE CALL: glXGetProcAddressARB(0x7f21985a2bf9, )
1501123483 - DEBUG: RAISED STOP
1501123483 - INFO: OPERATION: 6
1501123483 - DEBUG: RAISED STOP
1501123483 - INFO: OPERATION: 22
STORE CALL: glXGetProcAddressARB(0x7f21985a2c06, )
1501123483 - DEBUG: RAISED STOP
1501123483 - INFO: OPERATION: 6
1501123483 - DEBUG: RAISED STOP
1501123483 - INFO: OPERATION: 22
STORE CALL: glXGetProcAddressARB(0x7f21985a2c14, )
1501123483 - DEBUG: RAISED STOP
1501123483 - INFO: OPERATION: 6
1501123483 - DEBUG: RAISED STOP
1501123483 - INFO: OPERATION: 22
STORE CALL: glXGetProcAddressARB(0x7f21985a2c21, )
1501123483 - DEBUG: RAISED STOP
1501123483 - INFO: OPERATION: 6
1501123483 - DEBUG: RAISED STOP
1501123483 - INFO: OPERATION: 22
STORE CALL: glXGetProcAddressARB(0x7f21985a2c2f, )
1501123483 - DEBUG: RAISED STOP
1501123483 - INFO: OPERATION: 6
1501123483 - DEBUG: RAISED STOP
1501123483 - INFO: OPERATION: 22
STORE CALL: glXGetProcAddressARB(0x7f21985a2c3c, )
1501123483 - DEBUG: RAISED STOP
1501123483 - INFO: OPERATION: 6
1501123483 - DEBUG: RAISED STOP
1501123483 - INFO: OPERATION: 22
STORE CALL: glXGetProcAddressARB(0x7f21985a2c4a, )
1501123483 - DEBUG: RAISED STOP
1501123483 - INFO: OPERATION: 6
1501123483 - DEBUG: RAISED STOP
1501123483 - INFO: OPERATION: 22
STORE CALL: glXGetProcAddressARB(0x7f21985a2c5c, )
1501123483 - DEBUG: RAISED STOP
1501123483 - INFO: OPERATION: 6
1501123483 - DEBUG: RAISED STOP
1501123483 - INFO: OPERATION: 22
STORE CALL: glXGetProcAddressARB(0x7f21985a2c6f, )
1501123483 - DEBUG: RAISED STOP
1501123483 - INFO: OPERATION: 6
1501123483 - DEBUG: RAISED STOP
1501123483 - INFO: OPERATION: 22
STORE CALL: glXGetProcAddressARB(0x7f21985a2c82, )
1501123483 - DEBUG: RAISED STOP
1501123483 - INFO: OPERATION: 6
1501123483 - DEBUG: RAISED STOP
1501123483 - INFO: OPERATION: 22
STORE CALL: glXGetProcAddressARB(0x7f21985a2c96, )
1501123483 - DEBUG: RAISED STOP
1501123483 - INFO: OPERATION: 6
1501123483 - DEBUG: RAISED STOP
1501123483 - INFO: OPERATION: 22
STORE CALL: glXGetProcAddressARB(0x7f21985a2ca8, )
1501123483 - DEBUG: RAISED STOP
1501123483 - INFO: OPERATION: 6
1501123483 - DEBUG: RAISED STOP
1501123483 - INFO: OPERATION: 22
STORE CALL: glXGetProcAddressARB(0x7f21985a2cbb, )
1501123483 - DEBUG: RAISED STOP
1501123483 - INFO: OPERATION: 6
1501123483 - DEBUG: RAISED STOP
1501123483 - INFO: OPERATION: 22
STORE CALL: glXGetProcAddressARB(0x7f21985a2cce, )
1501123483 - DEBUG: RAISED STOP
1501123483 - INFO: OPERATION: 6
1501123483 - DEBUG: RAISED STOP
1501123483 - INFO: OPERATION: 22
STORE CALL: glXGetProcAddressARB(0x7f21985a2ce2, )
1501123483 - DEBUG: RAISED STOP
1501123483 - INFO: OPERATION: 6
1501123483 - DEBUG: RAISED STOP
1501123483 - INFO: OPERATION: 22
STORE CALL: glXGetProcAddressARB(0x7f21985a2cf4, )
1501123483 - DEBUG: RAISED STOP
1501123483 - INFO: OPERATION: 6
1501123483 - DEBUG: RAISED STOP
1501123483 - INFO: OPERATION: 22
STORE CALL: glXGetProcAddressARB(0x7f21985a2d07, )
1501123483 - DEBUG: RAISED STOP
1501123483 - INFO: OPERATION: 6
1501123483 - DEBUG: RAISED STOP
1501123483 - INFO: OPERATION: 22
STORE CALL: glXGetProcAddressARB(0x7f21985a2d1a, )
1501123483 - DEBUG: RAISED STOP
1501123483 - INFO: OPERATION: 6
1501123483 - DEBUG: RAISED STOP
1501123483 - INFO: OPERATION: 22
STORE CALL: glXGetProcAddressARB(0x7f21985a2d2e, )
1501123483 - DEBUG: RAISED STOP
1501123483 - INFO: OPERATION: 6
1501123483 - DEBUG: RAISED STOP
1501123483 - INFO: OPERATION: 22
STORE CALL: glXGetProcAddressARB(0x7f21985a2d41, )
1501123483 - DEBUG: RAISED STOP
1501123483 - INFO: OPERATION: 6
1501123483 - DEBUG: RAISED STOP
1501123483 - INFO: OPERATION: 22
STORE CALL: glXGetProcAddressARB(0x7f21985a2d53, )
1501123483 - DEBUG: RAISED STOP
1501123483 - INFO: OPERATION: 6
1501123483 - DEBUG: RAISED STOP
1501123483 - INFO: OPERATION: 22
STORE CALL: glXGetProcAddressARB(0x7f21985a2d66, )
1501123483 - DEBUG: RAISED STOP
1501123483 - INFO: OPERATION: 6
1501123483 - DEBUG: RAISED STOP
1501123483 - INFO: OPERATION: 22
STORE CALL: glXGetProcAddressARB(0x7f21985a2d79, )
1501123483 - DEBUG: RAISED STOP
1501123483 - INFO: OPERATION: 6
1501123483 - DEBUG: RAISED STOP
1501123483 - INFO: OPERATION: 22
STORE CALL: glXGetProcAddressARB(0x7f21985a2d8d, )
1501123483 - DEBUG: RAISED STOP
1501123483 - INFO: OPERATION: 6
1501123483 - DEBUG: RAISED STOP
1501123483 - INFO: OPERATION: 22
STORE CALL: glXGetProcAddressARB(0x7f21985a2da0, )
1501123483 - DEBUG: RAISED STOP
1501123484 - INFO: OPERATION: 6
1501123484 - DEBUG: RAISED STOP
1501123484 - INFO: OPERATION: 22
STORE CALL: glXGetProcAddressARB(0x7f21985a2db4, )
1501123484 - DEBUG: RAISED STOP
1501123484 - INFO: OPERATION: 6
1501123484 - DEBUG: RAISED STOP
1501123484 - INFO: OPERATION: 22
STORE CALL: glXGetProcAddressARB(0x7f21985a2dc8, )
1501123484 - DEBUG: RAISED STOP
1501123484 - INFO: OPERATION: 6
1501123484 - DEBUG: RAISED STOP
1501123484 - INFO: OPERATION: 22
STORE CALL: glXGetProcAddressARB(0x7f21985a94b7, )
1501123484 - DEBUG: RAISED STOP
1501123484 - INFO: OPERATION: 6
1501123484 - DEBUG: RAISED STOP
1501123484 - INFO: OPERATION: 22
STORE CALL: glXGetProcAddressARB(0x7f21985a94cd, )
1501123484 - DEBUG: RAISED STOP
1501123484 - INFO: OPERATION: 6
1501123484 - DEBUG: RAISED STOP
1501123484 - INFO: OPERATION: 22
STORE CALL: glXGetProcAddressARB(0x7f21985a94e5, )
1501123484 - DEBUG: RAISED STOP
1501123484 - INFO: OPERATION: 6
1501123484 - DEBUG: RAISED STOP
1501123484 - INFO: OPERATION: 22
STORE CALL: glXGetProcAddressARB(0x7f21985a94fd, )
1501123484 - DEBUG: RAISED STOP
1501123484 - INFO: OPERATION: 6
1501123484 - DEBUG: RAISED STOP
1501123484 - INFO: OPERATION: 22
STORE CALL: glXGetProcAddressARB(0x7f21985a9509, )
1501123484 - DEBUG: RAISED STOP
1501123484 - INFO: OPERATION: 6
1501123484 - DEBUG: RAISED STOP
1501123484 - INFO: OPERATION: 22
STORE CALL: glXGetProcAddressARB(0x7f21985a951e, )
1501123484 - DEBUG: RAISED STOP
1501123484 - INFO: OPERATION: 6
1501123484 - DEBUG: RAISED STOP
1501123484 - INFO: OPERATION: 22
STORE CALL: glXGetProcAddressARB(0x7f21985a9537, )
1501123484 - DEBUG: RAISED STOP
1501123484 - INFO: OPERATION: 6
1501123484 - DEBUG: RAISED STOP
1501123484 - INFO: OPERATION: 22
STORE CALL: glXGetProcAddressARB(0x7f21985a9549, )
1501123484 - DEBUG: RAISED STOP
1501123484 - INFO: OPERATION: 6
1501123484 - DEBUG: RAISED STOP
1501123484 - INFO: OPERATION: 22
STORE CALL: glXGetProcAddressARB(0x7f21985a955f, )
1501123484 - DEBUG: RAISED STOP
1501123484 - INFO: OPERATION: 6
1501123484 - DEBUG: RAISED STOP
1501123484 - INFO: OPERATION: 22
STORE CALL: glXGetProcAddressARB(0x7f21985a9578, )
1501123484 - DEBUG: RAISED STOP
1501123484 - INFO: OPERATION: 6
1501123484 - DEBUG: RAISED STOP
1501123484 - INFO: OPERATION: 22
STORE CALL: glXGetProcAddressARB(0x7f21985a9589, )
1501123484 - DEBUG: RAISED STOP
1501123484 - INFO: OPERATION: 6
1501123484 - DEBUG: RAISED STOP
1501123484 - INFO: OPERATION: 22
STORE CALL: glXGetProcAddressARB(0x7f21985a959e, )
1501123484 - DEBUG: RAISED STOP
1501123484 - INFO: OPERATION: 6
1501123484 - DEBUG: RAISED STOP
1501123484 - INFO: OPERATION: 22
STORE CALL: glXGetProcAddressARB(0x7f21985a95ab, )
1501123484 - DEBUG: RAISED STOP
1501123484 - INFO: OPERATION: 6
1501123484 - DEBUG: RAISED STOP
1501123484 - INFO: OPERATION: 22
STORE CALL: glXGetProcAddressARB(0x7f21985a95be, )
1501123484 - DEBUG: RAISED STOP
1501123484 - INFO: OPERATION: 6
1501123484 - DEBUG: RAISED STOP
1501123484 - INFO: OPERATION: 22
STORE CALL: glXGetProcAddressARB(0x7f21985a95d7, )
1501123484 - DEBUG: RAISED STOP
1501123484 - INFO: OPERATION: 6
1501123484 - DEBUG: RAISED STOP
1501123484 - INFO: OPERATION: 22
STORE CALL: glXGetProcAddressARB(0x7f21985a95f0, )
1501123484 - DEBUG: RAISED STOP
1501123484 - INFO: OPERATION: 6
1501123484 - DEBUG: RAISED STOP
1501123484 - INFO: OPERATION: 22
STORE CALL: glXGetProcAddressARB(0x7f21985a95ff, )
1501123484 - DEBUG: RAISED STOP
1501123484 - INFO: OPERATION: 6
1501123484 - DEBUG: RAISED STOP
1501123484 - INFO: OPERATION: 22
STORE CALL: glXGetProcAddressARB(0x7f21985a9633, )
1501123484 - DEBUG: RAISED STOP
1501123484 - INFO: OPERATION: 6
1501123484 - DEBUG: RAISED STOP
1501123484 - INFO: OPERATION: 22
STORE CALL: glXGetProcAddressARB(0x7f21985a968e, )
1501123484 - DEBUG: RAISED STOP
1501123484 - INFO: OPERATION: 6
1501123484 - DEBUG: RAISED STOP
1501123484 - INFO: OPERATION: 22
STORE CALL: glXGetProcAddressARB(0x7f21985a96a8, )
1501123484 - DEBUG: RAISED STOP
1501123484 - INFO: OPERATION: 6
1501123484 - DEBUG: RAISED STOP
1501123484 - INFO: OPERATION: 22
STORE CALL: glXGetProcAddressARB(0x7f21985a96c0, )
1501123484 - DEBUG: RAISED STOP
1501123484 - INFO: OPERATION: 6
1501123484 - DEBUG: RAISED STOP
1501123484 - INFO: OPERATION: 22
STORE CALL: glXGetProcAddressARB(0x7f21985a96d8, )
1501123484 - DEBUG: RAISED STOP
1501123484 - INFO: OPERATION: 6
1501123484 - DEBUG: RAISED STOP
1501123484 - INFO: OPERATION: 22
STORE CALL: glXGetProcAddressARB(0x7f21985a9726, )
1501123484 - DEBUG: RAISED STOP
1501123484 - INFO: OPERATION: 6
1501123484 - DEBUG: RAISED STOP
1501123484 - INFO: OPERATION: 22
STORE CALL: glXGetProcAddressARB(0x7f21985b2208, )
1501123484 - DEBUG: RAISED STOP
1501123484 - INFO: OPERATION: 6
1501123484 - DEBUG: RAISED STOP
1501123484 - INFO: OPERATION: 22
STORE CALL: glXGetProcAddressARB(0x7f21985a9740, )
1501123484 - DEBUG: RAISED STOP
1501123485 - INFO: OPERATION: 6
1501123485 - DEBUG: RAISED STOP
1501123485 - INFO: OPERATION: 22
STORE CALL: glXGetProcAddressARB(0x7f21985a9756, )
1501123485 - DEBUG: RAISED STOP
1501123485 - INFO: OPERATION: 6
1501123485 - DEBUG: RAISED STOP
1501123485 - INFO: OPERATION: 22
STORE CALL: glXGetProcAddressARB(0x7f21985a97ba, )
1501123485 - DEBUG: RAISED STOP
1501123485 - INFO: OPERATION: 6
1501123485 - DEBUG: RAISED STOP
1501123485 - INFO: OPERATION: 22
STORE CALL: glXGetProcAddressARB(0x7f21985a97f1, )
1501123485 - DEBUG: RAISED STOP
1501123485 - INFO: OPERATION: 6
1501123485 - DEBUG: RAISED STOP
1501123485 - INFO: OPERATION: 22
STORE CALL: glXGetProcAddressARB(0x7f21985b2230, )
1501123485 - DEBUG: RAISED STOP
1501123485 - INFO: OPERATION: 6
1501123485 - DEBUG: RAISED STOP
1501123485 - INFO: OPERATION: 22
STORE CALL: glXGetProcAddressARB(0x7f21985a9825, )
1501123485 - DEBUG: RAISED STOP
1501123485 - INFO: OPERATION: 6
1501123485 - DEBUG: RAISED STOP
1501123485 - INFO: OPERATION: 22
STORE CALL: glXGetProcAddressARB(0x7f21985a9836, )
1501123485 - DEBUG: RAISED STOP
1501123485 - INFO: OPERATION: 6
1501123485 - DEBUG: RAISED STOP
1501123485 - INFO: OPERATION: 22
STORE CALL: glXGetProcAddressARB(0x7f21985a9844, )
1501123485 - DEBUG: RAISED STOP
1501123485 - INFO: OPERATION: 6
1501123485 - DEBUG: RAISED STOP
1501123485 - INFO: OPERATION: 22
STORE CALL: glXGetProcAddressARB(0x7f21985a986d, )
1501123485 - DEBUG: RAISED STOP
1501123485 - INFO: OPERATION: 6
1501123485 - DEBUG: RAISED STOP
1501123485 - INFO: OPERATION: 22
STORE CALL: glXGetProcAddressARB(0x7f21985a98a4, )
1501123485 - DEBUG: RAISED STOP
1501123485 - INFO: OPERATION: 6
1501123485 - DEBUG: RAISED STOP
1501123485 - INFO: OPERATION: 22
STORE CALL: glXGetProcAddressARB(0x7f21985a98ba, )
1501123485 - DEBUG: RAISED STOP
1501123485 - INFO: OPERATION: 6
1501123485 - DEBUG: RAISED STOP
1501123485 - INFO: OPERATION: 22
STORE CALL: glXGetProcAddressARB(0x7f21985a98d2, )
1501123485 - DEBUG: RAISED STOP
1501123485 - INFO: OPERATION: 6
1501123485 - DEBUG: RAISED STOP
1501123485 - INFO: OPERATION: 22
STORE CALL: glXGetProcAddressARB(0x7f21985a98e6, )
1501123485 - DEBUG: RAISED STOP
1501123485 - INFO: OPERATION: 6
1501123485 - DEBUG: RAISED STOP
1501123485 - INFO: OPERATION: 22
STORE CALL: glXGetProcAddressARB(0x7f21985b2250, )
1501123485 - DEBUG: RAISED STOP
1501123485 - INFO: OPERATION: 6
1501123485 - DEBUG: RAISED STOP
1501123485 - INFO: OPERATION: 22
STORE CALL: glXGetProcAddressARB(0x7f21985b2270, )
1501123485 - DEBUG: RAISED STOP
1501123485 - INFO: OPERATION: 6
1501123485 - DEBUG: RAISED STOP
1501123485 - INFO: OPERATION: 22
STORE CALL: glXGetProcAddressARB(0x7f21985b2290, )
1501123485 - DEBUG: RAISED STOP
1501123485 - INFO: OPERATION: 6
1501123485 - DEBUG: RAISED STOP
1501123485 - INFO: OPERATION: 22
STORE CALL: glXGetProcAddressARB(0x7f21985a98fb, )
1501123485 - DEBUG: RAISED STOP
1501123485 - INFO: OPERATION: 6
1501123485 - DEBUG: RAISED STOP
1501123485 - INFO: OPERATION: 22
STORE CALL: glXGetProcAddressARB(0x7f21985b22b8, )
1501123485 - DEBUG: RAISED STOP
1501123485 - INFO: OPERATION: 6
1501123485 - DEBUG: RAISED STOP
1501123485 - INFO: OPERATION: 22
STORE CALL: glXGetProcAddressARB(0x7f21985a9917, )
1501123485 - DEBUG: RAISED STOP
1501123485 - INFO: OPERATION: 6
1501123485 - DEBUG: RAISED STOP
1501123485 - INFO: OPERATION: 22
STORE CALL: glXGetProcAddressARB(0x7f21985b22d8, )
1501123485 - DEBUG: RAISED STOP
1501123485 - INFO: OPERATION: 6
1501123485 - DEBUG: RAISED STOP
1501123485 - INFO: OPERATION: 22
STORE CALL: glXGetProcAddressARB(0x7f21985a9979, )
1501123485 - DEBUG: RAISED STOP
1501123485 - INFO: OPERATION: 6
1501123485 - DEBUG: RAISED STOP
1501123485 - INFO: OPERATION: 22
STORE CALL: glXGetProcAddressARB(0x7f21985a99df, )
1501123485 - DEBUG: RAISED STOP
1501123485 - INFO: OPERATION: 6
1501123485 - DEBUG: RAISED STOP
1501123485 - INFO: OPERATION: 22
STORE CALL: glXGetProcAddressARB(0x7f21985a99f5, )
1501123485 - DEBUG: RAISED STOP
1501123485 - INFO: OPERATION: 6
1501123485 - DEBUG: RAISED STOP
1501123485 - INFO: OPERATION: 22
STORE CALL: glXGetProcAddressARB(0x7f21985a9a0f, )
1501123485 - DEBUG: RAISED STOP
1501123485 - INFO: OPERATION: 6
1501123485 - DEBUG: RAISED STOP
1501123485 - INFO: OPERATION: 22
STORE CALL: glXGetProcAddressARB(0x7f21985a9a71, )
1501123485 - DEBUG: RAISED STOP
1501123486 - INFO: OPERATION: 6
1501123486 - DEBUG: RAISED STOP
1501123486 - INFO: OPERATION: 22
STORE CALL: glXGetProcAddressARB(0x7f21985a9a89, )
1501123486 - DEBUG: RAISED STOP
1501123486 - INFO: OPERATION: 6
1501123486 - DEBUG: RAISED STOP
1501123486 - INFO: OPERATION: 22
STORE CALL: glXGetProcAddressARB(0x7f21985a9ad0, )
1501123486 - DEBUG: RAISED STOP
1501123486 - INFO: OPERATION: 6
1501123486 - DEBUG: RAISED STOP
1501123486 - INFO: OPERATION: 22
STORE CALL: glXGetProcAddressARB(0x7f21985b2440, )
1501123486 - DEBUG: RAISED STOP
1501123486 - INFO: OPERATION: 6
1501123486 - DEBUG: RAISED STOP
1501123486 - INFO: OPERATION: 22
STORE CALL: glXGetProcAddressARB(0x7f21985a9b01, )
1501123486 - DEBUG: RAISED STOP
1501123486 - INFO: OPERATION: 6
1501123486 - DEBUG: RAISED STOP
1501123486 - INFO: OPERATION: 22
STORE CALL: glXGetProcAddressARB(0x7f21985a9b1c, )
1501123486 - DEBUG: RAISED STOP
1501123486 - INFO: OPERATION: 6
1501123486 - DEBUG: RAISED STOP
1501123486 - INFO: OPERATION: 22
STORE CALL: glXGetProcAddressARB(0x7f21985a9b39, )
1501123486 - DEBUG: RAISED STOP
1501123486 - INFO: OPERATION: 6
1501123486 - DEBUG: RAISED STOP
1501123486 - INFO: OPERATION: 22
STORE CALL: glXGetProcAddressARB(0x7f21985a9b98, )
1501123486 - DEBUG: RAISED STOP
1501123486 - INFO: OPERATION: 6
1501123486 - DEBUG: RAISED STOP
1501123486 - INFO: OPERATION: 22
STORE CALL: glXGetProcAddressARB(0x7f21985a9baa, )
1501123486 - DEBUG: RAISED STOP
1501123486 - INFO: OPERATION: 6
1501123486 - DEBUG: RAISED STOP
1501123486 - INFO: OPERATION: 22
STORE CALL: glXGetProcAddressARB(0x7f21985a9bbf, )
1501123486 - DEBUG: RAISED STOP
1501123486 - INFO: OPERATION: 6
1501123486 - DEBUG: RAISED STOP
1501123486 - INFO: OPERATION: 22
STORE CALL: glXGetProcAddressARB(0x7f21985a9bcf, )
1501123486 - DEBUG: RAISED STOP
1501123486 - INFO: OPERATION: 6
1501123486 - DEBUG: RAISED STOP
1501123486 - INFO: OPERATION: 22
STORE CALL: glXGetProcAddressARB(0x7f21985a9be1, )
1501123486 - DEBUG: RAISED STOP
1501123486 - INFO: OPERATION: 6
1501123486 - DEBUG: RAISED STOP
1501123486 - INFO: OPERATION: 22
STORE CALL: glXGetProcAddressARB(0x7f21985a9bfb, )
1501123486 - DEBUG: RAISED STOP
1501123486 - INFO: OPERATION: 6
1501123486 - DEBUG: RAISED STOP
1501123486 - INFO: OPERATION: 22
STORE CALL: glXGetProcAddressARB(0x7f21985a9c13, )
1501123486 - DEBUG: RAISED STOP
1501123486 - INFO: OPERATION: 6
1501123486 - DEBUG: RAISED STOP
1501123486 - INFO: OPERATION: 22
STORE CALL: glXGetProcAddressARB(0x7f21985a9c2e, )
1501123486 - DEBUG: RAISED STOP
1501123486 - INFO: OPERATION: 6
1501123486 - DEBUG: RAISED STOP
1501123486 - INFO: OPERATION: 22
STORE CALL: glXGetProcAddressARB(0x7f21985a9c47, )
1501123486 - DEBUG: RAISED STOP
1501123486 - INFO: OPERATION: 6
1501123486 - DEBUG: RAISED STOP
1501123486 - INFO: OPERATION: 22
STORE CALL: glXGetProcAddressARB(0x7f21985a9c59, )
1501123486 - DEBUG: RAISED STOP
1501123486 - INFO: OPERATION: 6
1501123486 - DEBUG: RAISED STOP
1501123486 - INFO: OPERATION: 22
STORE CALL: glXGetProcAddressARB(0x7f21985a9c68, )
1501123486 - DEBUG: RAISED STOP
1501123486 - INFO: OPERATION: 6
1501123486 - DEBUG: RAISED STOP
1501123486 - INFO: OPERATION: 22
STORE CALL: glXGetProcAddressARB(0x7f21985b2528, )
1501123486 - DEBUG: RAISED STOP
1501123486 - INFO: OPERATION: 6
1501123486 - DEBUG: RAISED STOP
1501123486 - INFO: OPERATION: 22
STORE CALL: glXGetProcAddressARB(0x7f21985a9cc6, )
1501123486 - DEBUG: RAISED STOP
1501123486 - INFO: OPERATION: 6
1501123486 - DEBUG: RAISED STOP
1501123486 - INFO: OPERATION: 22
STORE CALL: glXGetProcAddressARB(0x7f21985a9cde, )
1501123486 - DEBUG: RAISED STOP
1501123486 - INFO: OPERATION: 6
1501123486 - DEBUG: RAISED STOP
1501123486 - INFO: OPERATION: 22
STORE CALL: glXGetProcAddressARB(0x7f21985a9cfb, )
1501123486 - DEBUG: RAISED STOP
1501123486 - INFO: OPERATION: 6
1501123486 - DEBUG: RAISED STOP
1501123486 - INFO: OPERATION: 22
STORE CALL: glXGetProcAddressARB(0x7f21985a9d11, )
1501123486 - DEBUG: RAISED STOP
1501123486 - INFO: OPERATION: 6
1501123486 - DEBUG: RAISED STOP
1501123486 - INFO: OPERATION: 22
STORE CALL: glXGetProcAddressARB(0x7f21985b2550, )
1501123486 - DEBUG: RAISED STOP
1501123487 - INFO: OPERATION: 6
1501123487 - DEBUG: RAISED STOP
1501123487 - INFO: OPERATION: 22
STORE CALL: glXGetProcAddressARB(0x7f21985a9d3d, )
1501123487 - DEBUG: RAISED STOP
1501123487 - INFO: OPERATION: 6
1501123487 - DEBUG: RAISED STOP
1501123487 - INFO: OPERATION: 22
STORE CALL: glXGetProcAddressARB(0x7f21985a9d51, )
1501123487 - DEBUG: RAISED STOP
1501123487 - INFO: OPERATION: 6
1501123487 - DEBUG: RAISED STOP
1501123487 - INFO: OPERATION: 22
STORE CALL: glXGetProcAddressARB(0x7f21985a9d64, )
1501123487 - DEBUG: RAISED STOP
1501123487 - INFO: OPERATION: 6
1501123487 - DEBUG: RAISED STOP
1501123487 - INFO: OPERATION: 22
STORE CALL: glXGetProcAddressARB(0x7f21985a9d78, )
1501123487 - DEBUG: RAISED STOP
1501123487 - INFO: OPERATION: 6
1501123487 - DEBUG: RAISED STOP
1501123487 - INFO: OPERATION: 22
STORE CALL: glXGetProcAddressARB(0x7f21985a9d89, )
1501123487 - DEBUG: RAISED STOP
1501123487 - INFO: OPERATION: 6
1501123487 - DEBUG: RAISED STOP
1501123487 - INFO: OPERATION: 22
STORE CALL: glXGetProcAddressARB(0x7f21985a9d98, )
1501123487 - DEBUG: RAISED STOP
1501123487 - INFO: OPERATION: 6
1501123487 - DEBUG: RAISED STOP
1501123487 - INFO: OPERATION: 22
STORE CALL: glXGetProcAddressARB(0x7f21985a9da8, )
1501123487 - DEBUG: RAISED STOP
1501123487 - INFO: OPERATION: 6
1501123487 - DEBUG: RAISED STOP
1501123487 - INFO: OPERATION: 22
STORE CALL: glXGetProcAddressARB(0x7f21985a9db9, )
1501123487 - DEBUG: RAISED STOP
1501123487 - INFO: OPERATION: 6
1501123487 - DEBUG: RAISED STOP
1501123487 - INFO: OPERATION: 22
STORE CALL: glXGetProcAddressARB(0x7f21985a9dfd, )
1501123487 - DEBUG: RAISED STOP
1501123487 - INFO: OPERATION: 6
1501123487 - DEBUG: RAISED STOP
1501123487 - INFO: OPERATION: 22
STORE CALL: glXGetProcAddressARB(0x7f21985a9e15, )
1501123487 - DEBUG: RAISED STOP
1501123487 - INFO: OPERATION: 6
1501123487 - DEBUG: RAISED STOP
1501123487 - INFO: OPERATION: 22
STORE CALL: glXGetProcAddressARB(0x7f21985a9e4d, )
1501123487 - DEBUG: RAISED STOP
1501123487 - INFO: OPERATION: 6
1501123487 - DEBUG: RAISED STOP
1501123487 - INFO: OPERATION: 22
STORE CALL: glXGetProcAddressARB(0x7f21985a9e69, )
1501123487 - DEBUG: RAISED STOP
1501123487 - INFO: OPERATION: 6
1501123487 - DEBUG: RAISED STOP
1501123487 - INFO: OPERATION: 22
STORE CALL: glXGetProcAddressARB(0x7f21985a9e80, )
1501123487 - DEBUG: RAISED STOP
1501123487 - INFO: OPERATION: 6
1501123487 - DEBUG: RAISED STOP
1501123487 - INFO: OPERATION: 22
STORE CALL: glXGetProcAddressARB(0x7f21985b2578, )
1501123487 - DEBUG: RAISED STOP
1501123487 - INFO: OPERATION: 6
1501123487 - DEBUG: RAISED STOP
1501123487 - INFO: OPERATION: 22
STORE CALL: glXGetProcAddressARB(0x7f21985a9f03, )
1501123487 - DEBUG: RAISED STOP
1501123487 - INFO: OPERATION: 6
1501123487 - DEBUG: RAISED STOP
1501123487 - INFO: OPERATION: 22
STORE CALL: glXGetProcAddressARB(0x7f21985a9f4c, )
1501123487 - DEBUG: RAISED STOP
1501123487 - INFO: OPERATION: 6
1501123487 - DEBUG: RAISED STOP
1501123487 - INFO: OPERATION: 22
STORE CALL: glXGetProcAddressARB(0x7f21985a9f63, )
1501123487 - DEBUG: RAISED STOP
1501123487 - INFO: OPERATION: 6
1501123487 - DEBUG: RAISED STOP
1501123487 - INFO: OPERATION: 22
STORE CALL: glXGetProcAddressARB(0x7f21985a9f7d, )
1501123487 - DEBUG: RAISED STOP
1501123487 - INFO: OPERATION: 6
1501123487 - DEBUG: RAISED STOP
1501123487 - INFO: OPERATION: 22
STORE CALL: glXGetProcAddressARB(0x7f21985a9f94, )
1501123487 - DEBUG: RAISED STOP
1501123487 - INFO: OPERATION: 6
1501123487 - DEBUG: RAISED STOP
1501123487 - INFO: OPERATION: 22
STORE CALL: glXGetProcAddressARB(0x7f21985a9fc5, )
1501123487 - DEBUG: RAISED STOP
1501123487 - INFO: OPERATION: 6
1501123487 - DEBUG: RAISED STOP
1501123487 - INFO: OPERATION: 22
STORE CALL: glXGetProcAddressARB(0x7f21985a9fe2, )
1501123487 - DEBUG: RAISED STOP
1501123487 - INFO: OPERATION: 6
1501123487 - DEBUG: RAISED STOP
1501123487 - INFO: OPERATION: 22
STORE CALL: glXGetProcAddressARB(0x7f21985a9fff, )
1501123487 - DEBUG: RAISED STOP
1501123488 - INFO: OPERATION: 6
1501123488 - DEBUG: RAISED STOP
1501123488 - INFO: OPERATION: 22
STORE CALL: glXGetProcAddressARB(0x7f21985aa017, )
1501123488 - DEBUG: RAISED STOP
1501123488 - INFO: OPERATION: 6
1501123488 - DEBUG: RAISED STOP
1501123488 - INFO: OPERATION: 22
STORE CALL: glXGetProcAddressARB(0x7f21985aa032, )
1501123488 - DEBUG: RAISED STOP
1501123488 - INFO: OPERATION: 6
1501123488 - DEBUG: RAISED STOP
1501123488 - INFO: OPERATION: 22
STORE CALL: glXGetProcAddressARB(0x7f21985aa04c, )
1501123488 - DEBUG: RAISED STOP
1501123488 - INFO: OPERATION: 6
1501123488 - DEBUG: RAISED STOP
1501123488 - INFO: OPERATION: 22
STORE CALL: glXGetProcAddressARB(0x7f21985aa069, )
1501123488 - DEBUG: RAISED STOP
